[     0.003] subject: 1
[     0.025] ..skipping
[     0.028] subject: 2
[     0.033] ..skipping
[     0.033] subject: 3
[     0.053] ..read audio 'raw/participant_3_1.wav'...
[     0.131] ....rate: 44100Hz
[     0.133] ....length: 2055.4s
[     0.145] ..read trials 'raw/participant_3.txt'...
[     0.161] ....trials: 1024
[     0.521] ..read labels 'raw/participant_3.xlsx'...
[     3.692] ....trials: 950/1024
[     3.703] ..write cdf 'cdf/convert/3.mat'...
[     3.857] subject: 4
[     3.871] ..read audio 'raw/participant_4_1.wav'...
[     3.921] ....rate: 44100Hz
[     3.922] ....length: 2023.5s
[     3.925] ..read trials 'raw/participant_4.txt'...
[     3.939] ....trials: 1024
[     4.283] ..read labels 'raw/participant_4.xlsx'...
[     7.322] ....trials: 914/1024
[     7.329] ..write cdf 'cdf/convert/4.mat'...
[     7.481] subject: 5
[     7.485] ..read audio 'raw/participant_5_1.wav'...
[     7.498] ....rate: 44100Hz
[     7.499] ....length: 2040.5s
[     7.499] ..read trials 'raw/participant_5.txt'...
[     7.512] ....trials: 1024
[     7.849] ..read labels 'raw/participant_5.xlsx'...
[    10.994] ....trials: 983/1024
[    10.998] ..write cdf 'cdf/convert/5.mat'...
[    11.151] subject: 6
[    11.155] ..read audio 'raw/participant_6_1.wav'...
[    11.162] ....rate: 44100Hz
[    11.162] ....length: 2008.3s
[    11.163] ..read trials 'raw/participant_6.txt'...
[    11.177] ....trials: 1024
[    11.515] ..read labels 'raw/participant_6.xlsx'...
[    14.689] ....trials: 980/1024
[    14.693] ..write cdf 'cdf/convert/6.mat'...
[    14.847] subject: 7
[    14.851] ..read audio 'raw/participant_7_1.wav'...
[    14.855] ....rate: 44100Hz
[    14.856] ....length: 2221.5s
[    14.856] ..read trials 'raw/participant_7.txt'...
[    14.869] ....trials: 1024
[    15.204] ..read labels 'raw/participant_7.xlsx'...
[    18.354] ....trials: 981/1024
[    18.357] ..write cdf 'cdf/convert/7.mat'...
[    18.509] subject: 8
[    18.513] ..read audio 'raw/participant_8_1.wav'...
[    18.516] ....rate: 44100Hz
[    18.516] ....length: 2081.8s
[    18.517] ..read trials 'raw/participant_8.txt'...
[    18.527] ....trials: 1024
[    18.860] ..read labels 'raw/participant_8.xlsx'...
[    22.036] ....trials: 991/1024
[    22.040] ..write cdf 'cdf/convert/8.mat'...
[    22.192] subject: 9
[    22.195] ..read audio 'raw/participant_9_1.wav'...
[    22.199] ....rate: 44100Hz
[    22.199] ....length: 2034.5s
[    22.200] ..read trials 'raw/participant_9.txt'...
[    22.209] ....trials: 1024
[    22.542] ..read labels 'raw/participant_9.xlsx'...
[    25.432] ....trials: 849/1024
[    25.435] ..write cdf 'cdf/convert/9.mat'...
[    25.584] subject: 10
[    25.587] ..read audio 'raw/participant_10_1.wav'...
[    25.590] ....rate: 44100Hz
[    25.590] ....length: 2136.2s
[    25.591] ..read trials 'raw/participant_10.txt'...
[    25.601] ....trials: 1024
[    25.934] ..read labels 'raw/participant_10.xlsx'...
[    28.674] ....trials: 774/1024
[    28.677] ..write cdf 'cdf/convert/10.mat'...
[    28.823] subject: 11
[    28.827] ..read audio 'raw/participant_11_1.wav'...
[    28.830] ....rate: 44100Hz
[    28.830] ....length: 2208.1s
[    28.831] ..read trials 'raw/participant_11.txt'...
[    28.841] ....trials: 1024
[    29.174] ..read labels 'raw/participant_11.xlsx'...
[    32.355] ....trials: 998/1024
[    32.359] ..write cdf 'cdf/convert/11.mat'...
[    32.514] subject: 12
[    32.518] ..read audio 'raw/participant_12_1.wav'...
[    32.523] ....rate: 44100Hz
[    32.524] ....length: 2148.3s
[    32.525] ..read trials 'raw/participant_12.txt'...
[    32.538] ....trials: 1024
[    32.873] ..read labels 'raw/participant_12.xlsx'...
[    35.933] ....trials: 956/1024
[    35.936] ..write cdf 'cdf/convert/12.mat'...
[    36.088] subject: 13
[    36.091] ..read audio 'raw/participant_13_1.wav'...
[    36.094] ....rate: 44100Hz
[    36.095] ....length: 2033.9s
[    36.095] ..read trials 'raw/participant_13.txt'...
[    36.105] ....trials: 1024
[    36.439] ..read labels 'raw/participant_13.xlsx'...
[    39.609] ....trials: 988/1024
[    39.612] ..write cdf 'cdf/convert/13.mat'...
[    39.765] subject: 14
[    39.768] ..read audio 'raw/participant_14_1.wav'...
[    39.771] ....rate: 44100Hz
[    39.772] ....length: 2454.1s
[    39.772] ..read trials 'raw/participant_14.txt'...
[    39.782] ....trials: 1024
[    40.118] ..read labels 'raw/participant_14.xlsx'...
[    43.231] ....trials: 963/1024
[    43.234] ..write cdf 'cdf/convert/14.mat'...
[    43.386] subject: 15
[    43.389] ..read audio 'raw/participant_15_1.wav'...
[    43.392] ....rate: 44100Hz
[    43.393] ....length: 2326.4s
[    43.393] ..read trials 'raw/participant_15.txt'...
[    43.403] ....trials: 1024
[    43.736] ..read labels 'raw/participant_15.xlsx'...
[    46.882] ....trials: 1003/1024
[    46.885] ..write cdf 'cdf/convert/15.mat'...
[    47.038] subject: 16
[    47.041] ..read audio 'raw/participant_16_1.wav'...
[    47.045] ....rate: 44100Hz
[    47.045] ....length: 2117.6s
[    47.046] ..read trials 'raw/participant_16.txt'...
[    47.056] ....trials: 1024
[    47.390] ..read labels 'raw/participant_16.xlsx'...
[    50.616] ....trials: 1004/1024
[    50.620] ..write cdf 'cdf/convert/16.mat'...
[    50.777] subject: 17
[    50.781] ..read audio 'raw/participant_17_1.wav'...
[    50.786] ....rate: 44100Hz
[    50.786] ....length: 2052.6s
[    50.787] ..read trials 'raw/participant_17.txt'...
[    50.799] ....trials: 1024
[    51.138] ..read labels 'raw/participant_17.xlsx'...
[    54.056] ....trials: 855/1024
[    54.060] ..write cdf 'cdf/convert/17.mat'...
[    54.212] subject: 18
[    54.216] ..read audio 'raw/participant_18_1.wav'...
[    54.221] ....rate: 44100Hz
[    54.221] ....length: 2067.9s
[    54.222] ..read trials 'raw/participant_18.txt'...
[    54.234] ....trials: 1024
[    54.573] ..read labels 'raw/participant_18.xlsx'...
[    57.233] ....trials: 719/1024
[    57.236] ..write cdf 'cdf/convert/18.mat'...
[    57.382] subject: 19
[    57.385] ..read audio 'raw/participant_19_1.wav'...
[    57.389] ....rate: 44100Hz
[    57.389] ....length: 2099.0s
[    57.389] ..read trials 'raw/participant_19.txt'...
[    57.399] ....trials: 1024
[    57.733] ..read labels 'raw/participant_19.xlsx'...
[    60.872] ....trials: 950/1024
[    60.876] ..write cdf 'cdf/convert/19.mat'...
[    61.035] subject: 20
[    61.039] ..read audio 'raw/participant_20_1.wav'...
[    61.043] ....rate: 44100Hz
[    61.043] ....length: 2201.0s
[    61.044] ..read trials 'raw/participant_20.txt'...
[    61.054] ....trials: 1024
[    61.395] ..read labels 'raw/participant_20.xlsx'...
[    64.606] ....trials: 994/1024
[    64.610] ..write cdf 'cdf/convert/20.mat'...
[    64.773] subject: 21
[    64.777] ..read audio 'raw/participant_21_1.wav'...
[    64.781] ....rate: 44100Hz
[    64.781] ....length: 2060.2s
[    64.782] ..read trials 'raw/participant_21.txt'...
[    64.792] ....trials: 1024
[    65.128] ..read labels 'raw/participant_21.xlsx'...
[    68.357] ....trials: 1007/1024
[    68.361] ..write cdf 'cdf/convert/21.mat'...
[    68.514] subject: 22
[    68.517] ..read audio 'raw/participant_22_1.wav'...
[    68.520] ....rate: 44100Hz
[    68.521] ....length: 1952.6s
[    68.521] ..read trials 'raw/participant_22.txt'...
[    68.531] ....trials: 1024
[    68.867] ..read labels 'raw/participant_22.xlsx'...
[    71.622] ....trials: 774/1024
[    71.625] ..write cdf 'cdf/convert/22.mat'...
[    71.772] subject: 23
[    71.775] ..read audio 'raw/participant_23_1.wav'...
[    71.778] ....rate: 44100Hz
[    71.778] ....length: 2294.2s
[    71.779] ..read trials 'raw/participant_23.txt'...
[    71.789] ....trials: 1024
[    72.123] ..read labels 'raw/participant_23.xlsx'...
[    75.282] ....trials: 1008/1024
[    75.285] ..write cdf 'cdf/convert/23.mat'...
[    75.438] subject: 24
[    75.442] ..read audio 'raw/participant_24_1.wav'...
[    75.445] ....rate: 44100Hz
[    75.445] ....length: 2162.4s
[    75.446] ..read trials 'raw/participant_24.txt'...
[    75.456] ....trials: 1024
[    75.790] ..read labels 'raw/participant_24.xlsx'...
[    78.849] ....trials: 930/1024
[    78.853] ..write cdf 'cdf/convert/24.mat'...
[    79.003] subject: 25
[    79.007] ..read audio 'raw/participant_25_1.wav'...
[    79.010] ....rate: 44100Hz
[    79.010] ....length: 2096.4s
[    79.011] ..read trials 'raw/participant_25.txt'...
[    79.021] ....trials: 1024
[    79.354] ..read labels 'raw/participant_25.xlsx'...
[    82.537] ....trials: 991/1024
[    82.541] ..write cdf 'cdf/convert/25.mat'...
[    82.694] subject: 26
[    82.698] ..read audio 'raw/participant_26_1.wav'...
[    82.701] ....rate: 44100Hz
[    82.701] ....length: 2282.1s
[    82.702] ..read trials 'raw/participant_26.txt'...
[    82.712] ....trials: 1024
[    83.046] ..read labels 'raw/participant_26.xlsx'...
[    86.242] ....trials: 995/1024
[    86.246] ..write cdf 'cdf/convert/26.mat'...
[    86.399] subject: 27
[    86.402] ..read audio 'raw/participant_27_1.wav'...
[    86.406] ....rate: 44100Hz
[    86.406] ....length: 2071.6s
[    86.407] ..read trials 'raw/participant_27.txt'...
[    86.416] ....trials: 1024
[    86.750] ..read labels 'raw/participant_27.xlsx'...
[    89.819] ....trials: 915/1024
[    89.823] ..write cdf 'cdf/convert/27.mat'...
[    89.974] subject: 28
[    89.977] ..skipping
[    89.979] subject: 29
[    89.980] ..read audio 'raw/participant_29_1.wav'...
[    89.983] ....rate: 44100Hz
[    89.984] ....length: 2167.6s
[    89.984] ..read trials 'raw/participant_29.txt'...
[    89.994] ....trials: 1024
[    90.330] ..read labels 'raw/participant_29.xlsx'...
[    93.523] ....trials: 996/1024
[    93.526] ..write cdf 'cdf/convert/29.mat'...
[    93.679] subject: 30
[    93.682] ..skipping
[    93.683] subject: 31
[    93.684] ..read audio 'raw/participant_31_1.wav'...
[    93.731] ....rate: 44100Hz
[    93.732] ....length: 2731.1s
[    93.733] ..read trials 'raw/participant_31.txt'...
[    93.767] ....trials: 1024
[    94.104] ..read labels 'raw/participant_31.xlsx'...
[    97.226] ....trials: 912/1024
[    97.230] ..write cdf 'cdf/convert/31.mat'...
[    97.383] subject: 32
[    97.387] ..read audio 'raw/participant_32_1.wav'...
[    97.447] ....rate: 44100Hz
[    97.447] ....length: 2009.8s
[    97.448] ..read trials 'raw/participant_32.txt'...
[    97.462] ....trials: 1024
[    97.801] ..read labels 'raw/participant_32.xlsx'...
[   100.970] ....trials: 965/1024
[   100.975] ..write cdf 'cdf/convert/32.mat'...
[   101.130] subject: 33
[   101.134] ..read audio 'raw/participant_33_1.wav'...
[   101.139] ....rate: 44100Hz
[   101.139] ....length: 2042.6s
[   101.140] ..read trials 'raw/participant_33.txt'...
[   101.176] ....trials: 1024
[   101.510] ..read labels 'raw/participant_33.xlsx'...
[   104.696] ....trials: 973/1024
[   104.700] ..write cdf 'cdf/convert/33.mat'...
[   104.852] subject: 34
[   104.855] ..read audio 'raw/participant_34_1.wav'...
[   104.911] ....rate: 44100Hz
[   104.912] ....length: 2195.9s
[   104.913] ..read trials 'raw/participant_34.txt'...
[   104.924] ....trials: 1024
[   105.259] ..read labels 'raw/participant_34.xlsx'...
[   108.340] ....trials: 903/1024
[   108.344] ..write cdf 'cdf/convert/34.mat'...
[   108.494] subject: 35
[   108.498] ..read audio 'raw/participant_35_1.wav'...
[   108.562] ....rate: 44100Hz
[   108.563] ....length: 2093.8s
[   108.563] ..read trials 'raw/participant_35.txt'...
[   108.574] ....trials: 1024
[   108.908] ..read labels 'raw/participant_35.xlsx'...
[   112.227] ....trials: 1015/1024
[   112.230] ..write cdf 'cdf/convert/35.mat'...
[   112.384] subject: 36
[   112.387] ..read audio 'raw/participant_36_1.wav'...
[   112.449] ....rate: 44100Hz
[   112.449] ....length: 2136.2s
[   112.450] ..read trials 'raw/participant_36.txt'...
[   112.461] ....trials: 1024
[   112.801] ..read labels 'raw/participant_36.xlsx'...
[   116.035] ....trials: 1020/1024
[   116.038] ..write cdf 'cdf/convert/36.mat'...
[   116.193] subject: 37
[   116.197] ..read audio 'raw/participant_37_1.wav'...
[   116.262] ....rate: 44100Hz
[   116.262] ....length: 1895.4s
[   116.263] ..read trials 'raw/participant_37.txt'...
[   116.274] ....trials: 1024
[   116.607] ..read labels 'raw/participant_37.xlsx'...
[   119.735] ....trials: 933/1024
[   119.738] ..write cdf 'cdf/convert/37.mat'...
[   119.889] subject: 38
[   119.893] ..read audio 'raw/participant_38_1.wav'...
[   119.926] ....rate: 44100Hz
[   119.927] ....length: 2198.2s
[   119.927] ..read trials 'raw/participant_38.txt'...
[   119.938] ....trials: 1024
[   120.274] ..read labels 'raw/participant_38.xlsx'...
[   123.620] ....trials: 1016/1024
[   123.624] ..write cdf 'cdf/convert/38.mat'...
[   123.777] subject: 39
[   123.781] ..read audio 'raw/participant_39_1.wav'...
[   123.849] ....rate: 44100Hz
[   123.850] ....length: 2195.9s
[   123.851] ..read trials 'raw/participant_39.txt'...
[   123.862] ....trials: 1024
[   124.197] ..read labels 'raw/participant_39.xlsx'...
[   127.487] ....trials: 1009/1024
[   127.491] ..write cdf 'cdf/convert/39.mat'...
[   127.644] subject: 40
[   127.647] ..read audio 'raw/participant_40_1.wav'...
[   127.651] ....rate: 44100Hz
[   127.651] ....length: 2024.6s
[   127.652] ..read trials 'raw/participant_40.txt'...
[   127.687] ....trials: 1024
[   128.020] ..read labels 'raw/participant_40.xlsx'...
[   131.296] ....trials: 1009/1024
[   131.299] ..write cdf 'cdf/convert/40.mat'...
[   131.453] subject: 41
[   131.456] ..read audio 'raw/participant_41_1.wav'...
[   131.459] ....rate: 44100Hz
[   131.459] ....length: 2338.0s
[   131.460] ..read trials 'raw/participant_41.txt'...
[   131.489] ....trials: 1024
[   131.823] ..read labels 'raw/participant_41.xlsx'...
[   135.010] ....trials: 936/1024
[   135.013] ..write cdf 'cdf/convert/41.mat'...
[   135.164] subject: 42
[   135.168] ..read audio 'raw/participant_42_1.wav'...
[   135.171] ....rate: 44100Hz
[   135.171] ....length: 2118.4s
[   135.172] ..read trials 'raw/participant_42.txt'...
[   135.204] ....trials: 1024
[   135.538] ..read labels 'raw/participant_42.xlsx'...
[   138.911] ....trials: 1013/1024
[   138.914] ..write cdf 'cdf/convert/42.mat'...
[   139.068] subject: 43
[   139.071] ..read audio 'raw/participant_43_1.wav'...
[   139.133] ....rate: 44100Hz
[   139.133] ....length: 2285.5s
[   139.134] ..read trials 'raw/participant_43.txt'...
[   139.144] ....trials: 1024
[   139.478] ..read labels 'raw/participant_43.xlsx'...
[   142.850] ....trials: 1019/1024
[   142.853] ..write cdf 'cdf/convert/43.mat'...
[   143.007] subject: 44
[   143.011] ..read audio 'raw/participant_44_1.wav'...
[   143.072] ....rate: 44100Hz
[   143.073] ....length: 2359.2s
[   143.074] ..read trials 'raw/participant_44.txt'...
[   143.108] ....trials: 1024
[   143.459] ..read labels 'raw/participant_44.xlsx'...
[   146.353] ....trials: 846/1024
[   146.357] ..write cdf 'cdf/convert/44.mat'...
[   146.508] subject: 45
[   146.512] ..read audio 'raw/participant_45_1.wav'...
[   146.562] ....rate: 44100Hz
[   146.562] ....length: 2040.6s
[   146.564] ..read trials 'raw/participant_45.txt'...
[   146.579] ....trials: 1024
[   146.917] ..read labels 'raw/participant_45.xlsx'...
[   150.233] ....trials: 1013/1024
[   150.237] ..write cdf 'cdf/convert/45.mat'...
[   150.393] subject: 46
[   150.397] ..read audio 'raw/participant_46_1.wav'...
[   150.454] ....rate: 44100Hz
[   150.454] ....length: 2184.7s
[   150.455] ..read trials 'raw/participant_46.txt'...
[   150.468] ....trials: 1024
[   150.807] ..read labels 'raw/participant_46.xlsx'...
[   153.885] ....trials: 948/1024
[   153.889] ..write cdf 'cdf/convert/46.mat'...
[   154.042] subject: 47
[   154.045] ..read audio 'raw/participant_47_1.wav'...
[   154.080] ....rate: 44100Hz
[   154.080] ....length: 2036.0s
[   154.081] ..read trials 'raw/participant_47.txt'...
[   154.094] ....trials: 1024
[   154.432] ..read labels 'raw/participant_47.xlsx'...
[   157.736] ....trials: 1016/1024
[   157.740] ..write cdf 'cdf/convert/47.mat'...
[   157.898] done.
