[     0.009] subject: 6
[     0.026] ..read cdf 'cdf/sync/6.mat'...
[     0.169] ..read audio 'raw/participant_6_1.wav'...
[     7.379] ....rate: 44100Hz
[     7.381] ....length: 2008.3s
[     7.393] ..extract responses...
[     7.395] ....0%..10%..20%..30%..40%..50%..60%..70%..80%..90%..100%
[   116.468] ....(109.073)
[   116.538] ..plot extraction 'plot/extract/6'...
[   119.546] ..plot extraction 'plot/extract/global'...
[   121.668] ..write cdf 'cdf/extract/6.mat'...
[   121.829] ..(121.812)
[   121.830] subject: 7
[   121.832] ..read cdf 'cdf/sync/7.mat'...
[   121.934] ..read audio 'raw/participant_7_1.wav'...
[   131.240] ....rate: 44100Hz
[   131.241] ....length: 2221.5s
[   131.241] ..extract responses...
[   131.242] ....0%..10%..20%..30%..40%..50%..60%..70%..80%..90%..100%
[   251.308] ....(120.067)
[   251.320] ..plot extraction 'plot/extract/7'...
[   254.600] ..plot extraction 'plot/extract/global'...
[   259.600] ..write cdf 'cdf/extract/7.mat'...
[   259.766] ..(137.935)
[   259.768] subject: 8
[   259.769] ..read cdf 'cdf/sync/8.mat'...
[   259.923] ..read audio 'raw/participant_8_1.wav'...
[   276.098] ....rate: 44100Hz
[   276.098] ....length: 2081.8s
[   276.099] ....(16.176)
[   276.099] ..extract responses...
[   276.099] ....0%..10%..20%..30%..40%..50%..60%..70%..80%..90%..100%
[   386.721] ....(110.622)
[   386.732] ..plot extraction 'plot/extract/8'...
[   388.747] ..plot extraction 'plot/extract/global'...
[   395.349] ..write cdf 'cdf/extract/8.mat'...
[   395.511] ..(135.743)
[   395.514] subject: 9
[   395.515] ..read cdf 'cdf/sync/9.mat'...
[   395.615] ..read audio 'raw/participant_9_1.wav'...
[   403.550] ....rate: 44100Hz
[   403.550] ....length: 2034.5s
[   403.551] ..extract responses...
[   403.551] ....0%..10%..20%..30%..40%..50%..60%..70%..80%..90%..100%
[   514.227] ....(110.676)
[   514.237] ..plot extraction 'plot/extract/9'...
[   516.582] ..plot extraction 'plot/extract/global'...
[   525.137] ..write cdf 'cdf/extract/9.mat'...
[   525.299] ..(129.785)
[   525.302] subject: 10
[   525.302] ..read cdf 'cdf/sync/10.mat'...
[   525.403] ..read audio 'raw/participant_10_1.wav'...
[   533.956] ....rate: 44100Hz
[   533.957] ....length: 2136.2s
[   533.957] ..extract responses...
[   533.958] ....0%..10%..20%..30%..40%..50%..60%..70%..80%..90%..100%
[   646.380] ....(112.423)
[   646.391] ..plot extraction 'plot/extract/10'...
[   648.495] ..plot extraction 'plot/extract/global'...
[   658.735] ..write cdf 'cdf/extract/10.mat'...
[   658.895] ..(133.593)
[   658.898] subject: 11
[   658.898] ..read cdf 'cdf/sync/11.mat'...
[   658.994] ..read audio 'raw/participant_11_1.wav'...
[   667.912] ....rate: 44100Hz
[   667.912] ....length: 2208.1s
[   667.913] ..extract responses...
[   667.914] ....0%..10%..20%..30%..40%..50%..60%..70%..80%..90%..100%
[   787.667] ....(119.753)
[   787.677] ..plot extraction 'plot/extract/11'...
[   790.790] ..plot extraction 'plot/extract/global'...
[   803.747] ..write cdf 'cdf/extract/11.mat'...
[   803.913] ..(145.015)
[   803.916] subject: 12
[   803.916] ..read cdf 'cdf/sync/12.mat'...
[   804.019] ..read audio 'raw/participant_12_1.wav'...
[   812.499] ....rate: 44100Hz
[   812.499] ....length: 2148.3s
[   812.500] ..extract responses...
[   812.500] ....0%..10%..20%..30%..40%..50%..60%..70%..80%..90%..100%
[   927.032] ....(114.531)
[   927.042] ..plot extraction 'plot/extract/12'...
[   931.034] ..plot extraction 'plot/extract/global'...
[   947.573] ..write cdf 'cdf/extract/12.mat'...
[   947.737] ..(143.821)
[   947.740] subject: 13
[   947.740] ..read cdf 'cdf/sync/13.mat'...
[   947.841] ..read audio 'raw/participant_13_1.wav'...
[   955.521] ....rate: 44100Hz
[   955.521] ....length: 2033.9s
[   955.522] ..extract responses...
[   955.522] ....0%..10%..20%..30%..40%..50%..60%..70%..80%..90%..100%
[  1064.817] ....(109.295)
[  1064.828] ..plot extraction 'plot/extract/13'...
[  1066.738] ..plot extraction 'plot/extract/global'...
[  1084.793] ..write cdf 'cdf/extract/13.mat'...
[  1084.959] ..(137.219)
[  1084.962] subject: 14
[  1084.962] ..read cdf 'cdf/sync/14.mat'...
[  1085.197] ..read audio 'raw/participant_14_1.wav'...
[  1094.539] ....rate: 44100Hz
[  1094.539] ....length: 2454.1s
[  1094.540] ..extract responses...
[  1094.540] ....0%..10%..20%..30%..40%..50%..60%..70%..80%..90%..100%
[  1226.042] ....(131.502)
[  1226.053] ..plot extraction 'plot/extract/14'...
[  1229.177] ..plot extraction 'plot/extract/global'...
[  1249.931] ..write cdf 'cdf/extract/14.mat'...
[  1250.099] ..(165.137)
[  1250.101] subject: 15
[  1250.102] ..read cdf 'cdf/sync/15.mat'...
[  1250.326] ..read audio 'raw/participant_15_1.wav'...
[  1258.960] ....rate: 44100Hz
[  1258.961] ....length: 2326.4s
[  1258.962] ..extract responses...
[  1258.962] ....0%..10%..20%..30%..40%..50%..60%..70%..80%..90%..100%
[  1384.230] ....(125.268)
[  1384.241] ..plot extraction 'plot/extract/15'...
[  1386.663] ..plot extraction 'plot/extract/global'...
[  1409.527] ..write cdf 'cdf/extract/15.mat'...
[  1409.694] ..(159.592)
[  1409.696] subject: 16
[  1409.697] ..read cdf 'cdf/sync/16.mat'...
[  1409.895] ..read audio 'raw/participant_16_1.wav'...
[  1417.651] ....rate: 44100Hz
[  1417.651] ....length: 2117.6s
[  1417.652] ..extract responses...
[  1417.652] ....0%..10%..20%..30%..40%..50%..60%..70%..80%..90%..100%
[  1523.836] ....(106.184)
[  1523.847] ..plot extraction 'plot/extract/16'...
[  1525.437] ..plot extraction 'plot/extract/global'...
[  1549.458] ..write cdf 'cdf/extract/16.mat'...
[  1549.624] ..(139.928)
[  1549.627] subject: 17
[  1549.628] ..read cdf 'cdf/sync/17.mat'...
[  1549.844] ..read audio 'raw/participant_17_1.wav'...
[  1557.379] ....rate: 44100Hz
[  1557.380] ....length: 2052.6s
[  1557.381] ..extract responses...
[  1557.381] ....0%..10%..20%..30%..40%..50%..60%..70%..80%..90%..100%
[  1665.181] ....(107.800)
[  1665.191] ..plot extraction 'plot/extract/17'...
[  1667.259] ..plot extraction 'plot/extract/global'...
[  1692.940] ..write cdf 'cdf/extract/17.mat'...
[  1693.104] ..(143.477)
[  1693.107] subject: 18
[  1693.254] ..read cdf 'cdf/sync/18.mat'...
[  1693.347] ..read audio 'raw/participant_18_1.wav'...
[  1701.097] ....rate: 44100Hz
[  1701.097] ....length: 2067.9s
[  1701.098] ..extract responses...
[  1701.098] ....0%..10%..20%..30%..40%..50%..60%..70%..80%..90%..100%
[  1808.283] ....(107.184)
[  1808.293] ..plot extraction 'plot/extract/18'...
[  1810.526] ..plot extraction 'plot/extract/global'...
[  1838.063] ..write cdf 'cdf/extract/18.mat'...
[  1838.222] ..(145.115)
[  1838.225] subject: 19
[  1838.225] ..read cdf 'cdf/sync/19.mat'...
[  1838.454] ..read audio 'raw/participant_19_1.wav'...
[  1846.288] ....rate: 44100Hz
[  1846.288] ....length: 2099.0s
[  1846.289] ..extract responses...
[  1846.289] ....0%..10%..20%..30%..40%..50%..60%..70%..80%..90%..100%
[  1958.896] ....(112.607)
[  1958.906] ..plot extraction 'plot/extract/19'...
[  1961.658] ..plot extraction 'plot/extract/global'...
[  1991.676] ..write cdf 'cdf/extract/19.mat'...
[  1991.845] ..(153.620)
[  1991.848] subject: 20
[  1991.848] ..read cdf 'cdf/sync/20.mat'...
[  1992.075] ..read audio 'raw/participant_20_1.wav'...
[  2000.484] ....rate: 44100Hz
[  2000.484] ....length: 2201.0s
[  2000.485] ..extract responses...
[  2000.485] ....0%..10%..20%..30%..40%..50%..60%..70%..80%..90%..100%
[  2119.333] ....(118.848)
[  2119.344] ..plot extraction 'plot/extract/20'...
[  2123.300] ..plot extraction 'plot/extract/global'...
[  2156.894] ..write cdf 'cdf/extract/20.mat'...
[  2157.060] ..(165.212)
[  2157.063] subject: 21
[  2157.063] ..read cdf 'cdf/sync/21.mat'...
[  2157.286] ..read audio 'raw/participant_21_1.wav'...
[  2165.150] ....rate: 44100Hz
[  2165.150] ....length: 2060.2s
[  2165.151] ..extract responses...
[  2165.151] ....0%..10%..20%..30%..40%..50%..60%..70%..80%..90%..100%
[  2276.827] ....(111.676)
[  2276.838] ..plot extraction 'plot/extract/21'...
[  2279.475] ..plot extraction 'plot/extract/global'...
[  2315.076] ..write cdf 'cdf/extract/21.mat'...
[  2315.244] ..(158.182)
[  2315.247] subject: 22
[  2315.248] ..read cdf 'cdf/sync/22.mat'...
[  2315.473] ..read audio 'raw/participant_22_1.wav'...
[  2322.939] ....rate: 44100Hz
[  2322.939] ....length: 1952.6s
[  2322.940] ..extract responses...
[  2322.940] ....0%..10%..20%..30%..40%..50%..60%..70%..80%..90%..100%
[  2429.959] ....(107.018)
[  2429.970] ..plot extraction 'plot/extract/22'...
[  2431.542] ..plot extraction 'plot/extract/global'...
[  2468.440] ..write cdf 'cdf/extract/22.mat'...
[  2468.602] ..(153.355)
[  2468.605] subject: 23
[  2468.606] ..read cdf 'cdf/sync/23.mat'...
[  2468.869] ..read audio 'raw/participant_23_1.wav'...
[  2478.066] ....rate: 44100Hz
[  2478.066] ....length: 2294.2s
[  2478.067] ..extract responses...
[  2478.067] ....0%..10%..20%..30%..40%..50%..60%..70%..80%..90%..100%
[  2598.377] ....(120.310)
[  2598.387] ..plot extraction 'plot/extract/23'...
[  2601.566] ..plot extraction 'plot/extract/global'...
[  2641.190] ..write cdf 'cdf/extract/23.mat'...
[  2641.357] ..(172.752)
[  2641.360] subject: 24
[  2641.361] ..read cdf 'cdf/sync/24.mat'...
[  2641.458] ..read audio 'raw/participant_24_1.wav'...
[  2649.784] ....rate: 44100Hz
[  2649.784] ....length: 2162.4s
[  2649.785] ..extract responses...
[  2649.785] ....0%..10%..20%..30%..40%..50%..60%..70%..80%..90%..100%
[  2758.126] ....(108.341)
[  2758.137] ..plot extraction 'plot/extract/24'...
[  2760.378] ..plot extraction 'plot/extract/global'...
[  2801.951] ..write cdf 'cdf/extract/24.mat'...
[  2802.118] ..(160.758)
[  2802.121] subject: 25
[  2802.122] ..read cdf 'cdf/sync/25.mat'...
[  2802.243] ..read audio 'raw/participant_25_1.wav'...
[  2810.301] ....rate: 44100Hz
[  2810.301] ....length: 2096.4s
[  2810.302] ..extract responses...
[  2810.302] ....0%..10%..20%..30%..40%..50%..60%..70%..80%..90%..100%
[  2925.631] ....(115.328)
[  2925.642] ..plot extraction 'plot/extract/25'...
[  2928.049] ..plot extraction 'plot/extract/global'...
[  2971.438] ..write cdf 'cdf/extract/25.mat'...
[  2971.606] ..(169.484)
[  2971.608] subject: 26
[  2971.609] ..read cdf 'cdf/sync/26.mat'...
[  2971.704] ..read audio 'raw/participant_26_1.wav'...
[  2980.602] ....rate: 44100Hz
[  2980.602] ....length: 2282.1s
[  2980.603] ..extract responses...
[  2980.603] ....0%..10%..20%..30%..40%..50%..60%..70%..80%..90%..100%
[  3101.208] ....(120.604)
[  3101.219] ..plot extraction 'plot/extract/26'...
[  3103.728] ..plot extraction 'plot/extract/global'...
[  3149.458] ..write cdf 'cdf/extract/26.mat'...
[  3149.626] ..(178.018)
[  3149.629] subject: 27
[  3149.629] ..read cdf 'cdf/sync/27.mat'...
[  3149.851] ..read audio 'raw/participant_27_1.wav'...
[  3157.836] ....rate: 44100Hz
[  3157.837] ....length: 2071.6s
[  3157.838] ..extract responses...
[  3157.838] ....0%..10%..20%..30%..40%..50%..60%..70%..80%..90%..100%
[  3270.541] ....(112.703)
[  3270.552] ..plot extraction 'plot/extract/27'...
[  3272.962] ..plot extraction 'plot/extract/global'...
[  3320.719] ..write cdf 'cdf/extract/27.mat'...
[  3320.885] ..(171.256)
[  3320.888] subject: 28
[  3320.890] ..skipping
[  3320.891] subject: 29
[  3320.891] ..read cdf 'cdf/sync/29.mat'...
[  3321.116] ..read audio 'raw/participant_29_1.wav'...
[  3329.560] ....rate: 44100Hz
[  3329.560] ....length: 2167.6s
[  3329.561] ..extract responses...
[  3329.561] ....0%..10%..20%..30%..40%..50%..60%..70%..80%..90%..100%
[  3444.947] ....(115.386)
[  3444.958] ..plot extraction 'plot/extract/29'...
[  3447.734] ..plot extraction 'plot/extract/global'...
[  3497.927] ..write cdf 'cdf/extract/29.mat'...
[  3498.095] ..(177.204)
[  3498.098] subject: 30
[  3498.098] ..skipping
[  3498.099] subject: 31
[  3498.099] ..read cdf 'cdf/sync/31.mat'...
[  3498.366] ..read audio 'raw/participant_31_1.wav'...
[  3509.106] ....rate: 44100Hz
[  3509.107] ....length: 2731.1s
[  3509.107] ....(10.741)
[  3509.108] ..extract responses...
[  3509.108] ....0%..10%..20%..30%..40%..50%..60%..70%..80%..90%..100%
[  3650.604] ....(141.496)
[  3650.615] ..plot extraction 'plot/extract/31'...
[  3653.238] ..plot extraction 'plot/extract/global'...
[  3705.829] ..write cdf 'cdf/extract/31.mat'...
[  3705.997] ..(207.898)
[  3706.000] subject: 32
[  3706.000] ..read cdf 'cdf/sync/32.mat'...
[  3706.265] ..read audio 'raw/participant_32_1.wav'...
[  3714.091] ....rate: 44100Hz
[  3714.091] ....length: 2009.8s
[  3714.092] ..extract responses...
[  3714.092] ....0%..10%..20%..30%..40%..50%..60%..70%..80%..90%..100%
[  3824.755] ....(110.663)
[  3824.766] ..plot extraction 'plot/extract/32'...
[  3826.978] ..plot extraction 'plot/extract/global'...
[  3881.183] ..write cdf 'cdf/extract/32.mat'...
[  3881.350] ..(175.350)
[  3881.353] subject: 33
[  3881.354] ..read cdf 'cdf/sync/33.mat'...
[  3881.616] ..read audio 'raw/participant_33_1.wav'...
[  3889.669] ....rate: 44100Hz
[  3889.670] ....length: 2042.6s
[  3889.670] ..extract responses...
[  3889.671] ....0%..10%..20%..30%..40%..50%..60%..70%..80%..90%..100%
[  3997.420] ....(107.749)
[  3997.431] ..plot extraction 'plot/extract/33'...
[  3999.064] ..plot extraction 'plot/extract/global'...
[  4054.688] ..write cdf 'cdf/extract/33.mat'...
[  4054.857] ..(173.504)
[  4054.860] subject: 34
[  4054.860] ..read cdf 'cdf/sync/34.mat'...
[  4055.102] ..read audio 'raw/participant_34_1.wav'...
[  4063.923] ....rate: 44100Hz
[  4063.923] ....length: 2195.9s
[  4063.924] ..extract responses...
[  4063.924] ....0%..10%..20%..30%..40%..50%..60%..70%..80%..90%..100%
[  4182.152] ....(118.228)
[  4182.163] ..plot extraction 'plot/extract/34'...
[  4184.226] ..plot extraction 'plot/extract/global'...
[  4241.578] ..write cdf 'cdf/extract/34.mat'...
[  4241.746] ..(186.885)
[  4241.748] subject: 35
[  4241.749] ..read cdf 'cdf/sync/35.mat'...
[  4242.007] ..read audio 'raw/participant_35_1.wav'...
[  4250.250] ....rate: 44100Hz
[  4250.251] ....length: 2093.8s
[  4250.251] ..extract responses...
[  4250.252] ....0%..10%..20%..30%..40%..50%..60%..70%..80%..90%..100%
[  4366.959] ....(116.707)
[  4366.970] ..plot extraction 'plot/extract/35'...
[  4369.657] ..plot extraction 'plot/extract/global'...
[  4429.002] ..write cdf 'cdf/extract/35.mat'...
[  4429.173] ..(187.425)
[  4429.176] subject: 36
[  4429.176] ..read cdf 'cdf/sync/36.mat'...
[  4429.420] ..read audio 'raw/participant_36_1.wav'...
[  4437.565] ....rate: 44100Hz
[  4437.565] ....length: 2136.2s
[  4437.566] ..extract responses...
[  4437.567] ....0%..10%..20%..30%..40%..50%..60%..70%..80%..90%..100%
[  4555.418] ....(117.851)
[  4555.431] ..plot extraction 'plot/extract/36'...
[  4557.972] ..plot extraction 'plot/extract/global'...
[  4619.620] ..write cdf 'cdf/extract/36.mat'...
[  4619.789] ..(190.613)
[  4619.792] subject: 37
[  4619.793] ..read cdf 'cdf/sync/37.mat'...
[  4620.066] ..read audio 'raw/participant_37_1.wav'...
[  4627.131] ....rate: 44100Hz
[  4627.131] ....length: 1895.4s
[  4627.132] ..extract responses...
[  4627.132] ....0%..10%..20%..30%..40%..50%..60%..70%..80%..90%..100%
[  4733.654] ....(106.521)
[  4733.665] ..plot extraction 'plot/extract/37'...
[  4735.587] ..plot extraction 'plot/extract/global'...
[  4798.665] ..write cdf 'cdf/extract/37.mat'...
[  4798.834] ..(179.042)
[  4798.837] subject: 38
[  4798.837] ..read cdf 'cdf/sync/38.mat'...
[  4799.087] ..read audio 'raw/participant_38_1.wav'...
[  4807.601] ....rate: 44100Hz
[  4807.601] ....length: 2198.2s
[  4807.602] ..extract responses...
[  4807.602] ....0%..10%..20%..30%..40%..50%..60%..70%..80%..90%..100%
[  4927.348] ....(119.746)
[  4927.359] ..plot extraction 'plot/extract/38'...
[  4929.566] ..plot extraction 'plot/extract/global'...
[  4994.220] ..write cdf 'cdf/extract/38.mat'...
[  4994.390] ..(195.553)
[  4994.392] subject: 39
[  4994.393] ..read cdf 'cdf/sync/39.mat'...
[  4994.656] ..read audio 'raw/participant_39_1.wav'...
[  5003.226] ....rate: 44100Hz
[  5003.227] ....length: 2195.9s
[  5003.227] ..extract responses...
[  5003.228] ....0%..10%..20%..30%..40%..50%..60%..70%..80%..90%..100%
[  5121.248] ....(118.020)
[  5121.261] ..plot extraction 'plot/extract/39'...
[  5124.002] ..plot extraction 'plot/extract/global'...
[  5190.941] ..write cdf 'cdf/extract/39.mat'...
[  5191.111] ..(196.718)
[  5191.114] subject: 40
[  5191.114] ..read cdf 'cdf/sync/40.mat'...
[  5191.225] ..read audio 'raw/participant_40_1.wav'...
[  5199.034] ....rate: 44100Hz
[  5199.035] ....length: 2024.6s
[  5199.035] ..extract responses...
[  5199.036] ....0%..10%..20%..30%..40%..50%..60%..70%..80%..90%..100%
[  5305.374] ....(106.338)
[  5305.385] ..plot extraction 'plot/extract/40'...
[  5307.246] ..plot extraction 'plot/extract/global'...
[  5376.025] ..write cdf 'cdf/extract/40.mat'...
[  5376.194] ..(185.080)
[  5376.197] subject: 41
[  5376.198] ..read cdf 'cdf/sync/41.mat'...
[  5376.476] ..read audio 'raw/participant_41_1.wav'...
[  5385.599] ....rate: 44100Hz
[  5385.599] ....length: 2338.0s
[  5385.600] ..extract responses...
[  5385.600] ....0%..10%..20%..30%..40%..50%..60%..70%..80%..90%..100%
[  5513.040] ....(127.440)
[  5513.051] ..plot extraction 'plot/extract/41'...
[  5515.278] ..plot extraction 'plot/extract/global'...
[  5585.701] ..write cdf 'cdf/extract/41.mat'...
[  5585.869] ..(209.672)
[  5585.872] subject: 42
[  5585.873] ..read cdf 'cdf/sync/42.mat'...
[  5586.156] ..read audio 'raw/participant_42_1.wav'...
[  5594.520] ....rate: 44100Hz
[  5594.520] ....length: 2118.4s
[  5594.521] ..extract responses...
[  5594.521] ....0%..10%..20%..30%..40%..50%..60%..70%..80%..90%..100%
[  5707.844] ....(113.323)
[  5707.855] ..plot extraction 'plot/extract/42'...
[  5710.689] ..plot extraction 'plot/extract/global'...
[  5783.525] ..write cdf 'cdf/extract/42.mat'...
[  5783.695] ..(197.822)
[  5783.697] subject: 43
[  5783.698] ..read cdf 'cdf/sync/43.mat'...
[  5783.974] ..read audio 'raw/participant_43_1.wav'...
[  5793.230] ....rate: 44100Hz
[  5793.230] ....length: 2285.5s
[  5793.231] ..extract responses...
[  5793.231] ....0%..10%..20%..30%..40%..50%..60%..70%..80%..90%..100%
[  5918.087] ....(124.856)
[  5918.099] ..plot extraction 'plot/extract/43'...
[  5920.959] ..plot extraction 'plot/extract/global'...
[  5996.398] ..write cdf 'cdf/extract/43.mat'...
[  5996.568] ..(212.871)
[  5996.571] subject: 44
[  5996.572] ..read cdf 'cdf/sync/44.mat'...
[  5996.835] ..read audio 'raw/participant_44_1.wav'...
[  6006.179] ....rate: 44100Hz
[  6006.179] ....length: 2359.2s
[  6006.180] ..extract responses...
[  6006.180] ....0%..10%..20%..30%..40%..50%..60%..70%..80%..90%..100%
[  6131.014] ....(124.834)
[  6131.025] ..plot extraction 'plot/extract/44'...
[  6133.242] ..plot extraction 'plot/extract/global'...
[  6210.372] ..write cdf 'cdf/extract/44.mat'...
[  6210.538] ..(213.967)
[  6210.541] subject: 45
[  6210.542] ..read cdf 'cdf/sync/45.mat'...
[  6210.845] ..read audio 'raw/participant_45_1.wav'...
[  6218.806] ....rate: 44100Hz
[  6218.806] ....length: 2040.6s
[  6218.807] ..extract responses...
[  6218.807] ....0%..10%..20%..30%..40%..50%..60%..70%..80%..90%..100%
[  6330.631] ....(111.823)
[  6330.641] ..plot extraction 'plot/extract/45'...
[  6333.249] ..plot extraction 'plot/extract/global'...
[  6412.384] ..write cdf 'cdf/extract/45.mat'...
[  6412.554] ..(202.013)
[  6412.557] subject: 46
[  6412.557] ..read cdf 'cdf/sync/46.mat'...
[  6412.794] ..read audio 'raw/participant_46_1.wav'...
[  6421.398] ....rate: 44100Hz
[  6421.399] ....length: 2184.7s
[  6421.399] ..extract responses...
[  6421.400] ....0%..10%..20%..30%..40%..50%..60%..70%..80%..90%..100%
[  6540.437] ....(119.037)
[  6540.448] ..plot extraction 'plot/extract/46'...
[  6543.027] ..plot extraction 'plot/extract/global'...
[  6624.476] ..write cdf 'cdf/extract/46.mat'...
[  6624.645] ..(212.088)
[  6624.647] subject: 47
[  6624.648] ..read cdf 'cdf/sync/47.mat'...
[  6624.906] ..read audio 'raw/participant_47_1.wav'...
[  6632.798] ....rate: 44100Hz
[  6632.798] ....length: 2036.0s
[  6632.799] ..extract responses...
[  6632.799] ....0%..10%..20%..30%..40%..50%..60%..70%..80%..90%..100%
[  6741.487] ....(108.688)
[  6741.498] ..plot extraction 'plot/extract/47'...
[  6743.869] ..plot extraction 'plot/extract/global'...
[  6827.376] ..write cdf 'cdf/extract/47.mat'...
[  6827.547] ..(202.899)
[  6827.550] done.
