ids =
    27    32
[     0.038] subject: 27
[     0.095] ..read cdf 'cdf/extract/27.mat'...
[     0.236] ..read audio 'raw/participant_27_1.wav'...
[     8.169] ....rate: 44100Hz
[     8.171] ....length: 2071.6s
[     8.333] ..plot trial range 'plot/extract_debug/27/812'...
[    18.955] ..plot trial extraction 'plot/extract_debug/27/812_extract'...
[    19.737] ..plot trial range 'plot/extract_debug/27/989'...
[    28.270] ..plot trial extraction 'plot/extract_debug/27/989_extract'...
[    28.775] ..plot trial range 'plot/extract_debug/27/100'...
[    38.538] ..plot trial extraction 'plot/extract_debug/27/100_extract'...
[    39.080] ..plot trial range 'plot/extract_debug/27/835'...
[    49.719] ..plot trial extraction 'plot/extract_debug/27/835_extract'...
[    50.275] ..plot trial range 'plot/extract_debug/27/928'...
[    58.948] ..plot trial extraction 'plot/extract_debug/27/928_extract'...
[    59.446] ..plot trial range 'plot/extract_debug/27/648'...
[    67.536] ..plot trial extraction 'plot/extract_debug/27/648_extract'...
[    68.026] ..plot trial range 'plot/extract_debug/27/820'...
[    75.624] ..plot trial extraction 'plot/extract_debug/27/820_extract'...
[    76.090] ..plot trial range 'plot/extract_debug/27/981'...
[    85.202] ..plot trial extraction 'plot/extract_debug/27/981_extract'...
[    85.710] ..plot trial range 'plot/extract_debug/27/498'...
[    93.755] ..plot trial extraction 'plot/extract_debug/27/498_extract'...
[    94.244] ..plot trial range 'plot/extract_debug/27/994'...
[   102.187] ..plot trial extraction 'plot/extract_debug/27/994_extract'...
[   102.663] ..plot trial range 'plot/extract_debug/27/561'...
[   111.586] ..plot trial extraction 'plot/extract_debug/27/561_extract'...
[   112.097] ..plot trial range 'plot/extract_debug/27/162'...
[   119.423] ..plot trial extraction 'plot/extract_debug/27/162_extract'...
[   119.877] ..plot trial range 'plot/extract_debug/27/938'...
[   129.422] ..plot trial extraction 'plot/extract_debug/27/938_extract'...
[   129.967] ..plot trial range 'plot/extract_debug/27/672'...
[   139.218] ..plot trial extraction 'plot/extract_debug/27/672_extract'...
[   139.739] ..plot trial range 'plot/extract_debug/27/432'...
[   148.617] ..plot trial extraction 'plot/extract_debug/27/432_extract'...
[   149.138] ..plot trial range 'plot/extract_debug/27/286'...
[   158.228] ..plot trial extraction 'plot/extract_debug/27/286_extract'...
[   158.733] ..plot trial range 'plot/extract_debug/27/936'...
[   167.601] ..plot trial extraction 'plot/extract_debug/27/936_extract'...
[   168.121] ..plot trial range 'plot/extract_debug/27/131'...
[   176.011] ..plot trial extraction 'plot/extract_debug/27/131_extract'...
[   176.490] ..plot trial range 'plot/extract_debug/27/146'...
[   185.070] ..plot trial extraction 'plot/extract_debug/27/146_extract'...
[   185.570] ..plot trial range 'plot/extract_debug/27/983'...
[   193.826] ..plot trial extraction 'plot/extract_debug/27/983_extract'...
[   194.341] ..(194.270)
[   194.342] subject: 32
[   194.343] ..read cdf 'cdf/extract/32.mat'...
[   194.461] ..read audio 'raw/participant_32_1.wav'...
[   202.197] ....rate: 44100Hz
[   202.197] ....length: 2009.8s
[   202.202] ..plot trial range 'plot/extract_debug/32/391'...
[   210.755] ..plot trial extraction 'plot/extract_debug/32/391_extract'...
[   211.250] ..plot trial range 'plot/extract_debug/32/457'...
[   219.354] ..plot trial extraction 'plot/extract_debug/32/457_extract'...
[   219.827] ..plot trial range 'plot/extract_debug/32/770'...
[   227.995] ..plot trial extraction 'plot/extract_debug/32/770_extract'...
[   228.481] ..plot trial range 'plot/extract_debug/32/671'...
[   237.152] ..plot trial extraction 'plot/extract_debug/32/671_extract'...
[   237.640] ..plot trial range 'plot/extract_debug/32/773'...
[   245.806] ..plot trial extraction 'plot/extract_debug/32/773_extract'...
[   246.303] ..plot trial range 'plot/extract_debug/32/600'...
[   254.236] ..plot trial extraction 'plot/extract_debug/32/600_extract'...
[   254.710] ..plot trial range 'plot/extract_debug/32/122'...
[   264.654] ..plot trial extraction 'plot/extract_debug/32/122_extract'...
[   265.194] ..plot trial range 'plot/extract_debug/32/502'...
[   273.776] ..plot trial extraction 'plot/extract_debug/32/502_extract'...
[   274.268] ..plot trial range 'plot/extract_debug/32/727'...
[   282.440] ..plot trial extraction 'plot/extract_debug/32/727_extract'...
[   282.920] ..plot trial range 'plot/extract_debug/32/983'...
[   290.702] ..plot trial extraction 'plot/extract_debug/32/983_extract'...
[   291.177] ..plot trial range 'plot/extract_debug/32/815'...
[   299.487] ..plot trial extraction 'plot/extract_debug/32/815_extract'...
[   299.969] ..plot trial range 'plot/extract_debug/32/167'...
[   307.927] ..plot trial extraction 'plot/extract_debug/32/167_extract'...
[   308.400] ..plot trial range 'plot/extract_debug/32/349'...
[   317.451] ..plot trial extraction 'plot/extract_debug/32/349_extract'...
[   317.970] ..plot trial range 'plot/extract_debug/32/784'...
[   326.200] ..plot trial extraction 'plot/extract_debug/32/784_extract'...
[   326.684] ..plot trial range 'plot/extract_debug/32/192'...
[   335.126] ..plot trial extraction 'plot/extract_debug/32/192_extract'...
[   335.613] ..plot trial range 'plot/extract_debug/32/662'...
[   343.293] ..plot trial extraction 'plot/extract_debug/32/662_extract'...
[   343.765] ..plot trial range 'plot/extract_debug/32/511'...
[   351.746] ..plot trial extraction 'plot/extract_debug/32/511_extract'...
[   352.229] ..plot trial range 'plot/extract_debug/32/230'...
[   360.605] ..plot trial extraction 'plot/extract_debug/32/230_extract'...
[   361.104] ..plot trial range 'plot/extract_debug/32/697'...
[   369.382] ..plot trial extraction 'plot/extract_debug/32/697_extract'...
[   369.864] ..plot trial range 'plot/extract_debug/32/283'...
[   378.230] ..plot trial extraction 'plot/extract_debug/32/283_extract'...
[   378.747] ..(184.405)
[   378.751] done.
