[     0.007] subject: 1
[     0.026] ..skipping
[     0.028] subject: 2
[     0.032] ..skipping
[     0.033] subject: 3
[     0.034] ..skipping
[     0.034] subject: 4
[     0.035] ..skipping
[     0.035] subject: 5
[     0.036] ..skipping
[     0.037] subject: 6
[     0.039] ..read cdf 'cdf/extract/6.mat'...
[     0.144] ..read audio 'raw/participant_6_1.wav'...
[     4.181] ....rate: 44100Hz
[     4.183] ....length: 2008.3s
[     4.193] ..detect landmarks...
[     4.201] ......0%..10%..20%..30%..40%..50%..60%..70%..80%..90%..100%
[    43.943] ......(39.742)
[    43.944] ....burst-onsets: 1018/1024
[    43.945] ....voice-onsets: 1024/1024
[    43.946] ....voice-releases: 1024/1024
[    43.947] ....(39.752)
[    43.968] ..plot landmark 'plot/landmark_test/6_landmark'...
[    45.140] ..plot timing 'plot/landmark_test/6_timing'...
[    45.372] ..plot landmark 'plot/landmark_test/global_landmark'...
[    45.874] ..plot timing 'plot/landmark_test/global_timing'...
[    46.089] ..write cdf 'cdf/landmark_test/6.mat'...
[    46.254] ..(46.217)
[    46.256] subject: 7
[    46.257] ..read cdf 'cdf/extract/7.mat'...
[    46.346] ..read audio 'raw/participant_7_1.wav'...
[    50.901] ....rate: 44100Hz
[    50.902] ....length: 2221.5s
[    50.902] ..detect landmarks...
[    50.903] ......0%..10%..20%..30%..40%..50%..60%..70%..80%..90%..100%
[   112.309] ......(61.407)
[   112.310] ....burst-onsets: 993/1024
[   112.310] ....voice-onsets: 1023/1024
[   112.310] ....voice-releases: 1023/1024
[   112.310] ....(61.408)
[   112.324] ..plot landmark 'plot/landmark_test/7_landmark'...
[   112.826] ..plot timing 'plot/landmark_test/7_timing'...
[   113.027] ..plot landmark 'plot/landmark_test/global_landmark'...
[   113.533] ..plot timing 'plot/landmark_test/global_timing'...
[   113.750] ..write cdf 'cdf/landmark_test/7.mat'...
[   113.914] ..(67.657)
[   113.917] subject: 8
[   113.918] ..read cdf 'cdf/extract/8.mat'...
[   114.029] ..read audio 'raw/participant_8_1.wav'...
[   121.514] ....rate: 44100Hz
[   121.515] ....length: 2081.8s
[   121.516] ..detect landmarks...
[   121.516] ......0%..10%..20%..{Operation terminated by user during <a href="matlab:helpUtils.errorDocCallback('mean', '/home/matlab/toolbox/matlab/datafun/mean.m', 28)" style="font-weight:bold">mean</a> (<a href="matlab: opentoline('/home/matlab/toolbox/matlab/datafun/mean.m',28,0)">after line 28</a>)

In <a href="matlab:helpUtils.errorDocCallback('k15.plosion', '/home/ampe/nexus/gafos/cdp/+k15/plosion.m', 46)" style="font-weight:bold">k15.plosion</a> (<a href="matlab: opentoline('/home/ampe/nexus/gafos/cdp/+k15/plosion.m',46,0)">line 46</a>)
			p(imax) = hemax/mean( he(li:ri) );
In <a href="matlab:helpUtils.errorDocCallback('cdf.landmark', '/home/ampe/nexus/gafos/cdp/+cdf/landmark.m', 100)" style="font-weight:bold">cdf.landmark</a> (<a href="matlab: opentoline('/home/ampe/nexus/gafos/cdp/+cdf/landmark.m',100,0)">line 100</a>)
		resppi = k15.plosion( ...
In <a href="matlab:helpUtils.errorDocCallback('landmark', '/home/ampe/nexus/gafos/cdp/klein/landmark.m', 49)" style="font-weight:bold">landmark</a> (<a href="matlab: opentoline('/home/ampe/nexus/gafos/cdp/klein/landmark.m',49,0)">line 49</a>)
	cdf.landmark( run, cfg );} 
