[     0.007] subject: 1
[     0.027] ..skipping
[     0.030] subject: 2
[     0.035] ..skipping
[     0.035] subject: 3
[     0.036] ..skipping
[     0.036] subject: 4
[     0.037] ..skipping
[     0.038] subject: 5
[     0.039] ..skipping
[     0.040] subject: 6
[     0.042] ..read cdf 'cdf/landmark/6.mat'...
[     0.157] ..plot timing 'plot/landmark_debug/6_timing'...
[     0.863] ..plot timing 'plot/landmark_debug/global_timing'...
[     1.129] subject: 7
[     1.130] ..read cdf 'cdf/landmark/7.mat'...
[     1.236] ..plot timing 'plot/landmark_debug/7_timing'...
[     1.454] ..plot timing 'plot/landmark_debug/global_timing'...
[     1.705] subject: 8
[     1.708] ..read cdf 'cdf/landmark/8.mat'...
[     1.814] ..plot timing 'plot/landmark_debug/8_timing'...
[     3.892] ..plot timing 'plot/landmark_debug/global_timing'...
[     4.892] subject: 9
[     4.895] ..read cdf 'cdf/landmark/9.mat'...
[     4.997] ..plot timing 'plot/landmark_debug/9_timing'...
[     5.205] ..plot timing 'plot/landmark_debug/global_timing'...
[     6.046] subject: 10
[     6.049] ..read cdf 'cdf/landmark/10.mat'...
[     6.151] ..plot timing 'plot/landmark_debug/10_timing'...
[     6.368] ..plot timing 'plot/landmark_debug/global_timing'...
[     7.156] subject: 11
[     7.158] ..read cdf 'cdf/landmark/11.mat'...
[     7.262] ..plot timing 'plot/landmark_debug/11_timing'...
[     7.478] ..plot timing 'plot/landmark_debug/global_timing'...
[     8.197] subject: 12
[     8.199] ..read cdf 'cdf/landmark/12.mat'...
[     8.305] ..plot timing 'plot/landmark_debug/12_timing'...
[     8.540] ..plot timing 'plot/landmark_debug/global_timing'...
[     9.191] subject: 13
[     9.193] ..read cdf 'cdf/landmark/13.mat'...
[     9.297] ..plot timing 'plot/landmark_debug/13_timing'...
[     9.496] ..plot timing 'plot/landmark_debug/global_timing'...
[    10.111] subject: 14
[    10.114] ..read cdf 'cdf/landmark/14.mat'...
[    10.219] ..plot timing 'plot/landmark_debug/14_timing'...
[    10.430] ..plot timing 'plot/landmark_debug/global_timing'...
[    11.018] subject: 15
[    11.021] ..read cdf 'cdf/landmark/15.mat'...
[    11.125] ..plot timing 'plot/landmark_debug/15_timing'...
[    11.334] ..plot timing 'plot/landmark_debug/global_timing'...
[    11.899] subject: 16
[    11.901] ..read cdf 'cdf/landmark/16.mat'...
[    12.006] ..plot timing 'plot/landmark_debug/16_timing'...
[    12.212] ..plot timing 'plot/landmark_debug/global_timing'...
[    12.740] subject: 17
[    12.743] ..read cdf 'cdf/landmark/17.mat'...
[    12.848] ..plot timing 'plot/landmark_debug/17_timing'...
[    13.072] ..plot timing 'plot/landmark_debug/global_timing'...
[    13.594] subject: 18
[    13.596] ..read cdf 'cdf/landmark/18.mat'...
[    13.701] ..plot timing 'plot/landmark_debug/18_timing'...
[    23.274] ..plot timing 'plot/landmark_debug/global_timing'...
[    24.588] ..(10.989)
[    24.588] subject: 19
[    24.589] ..read cdf 'cdf/landmark/19.mat'...
[    24.693] ..plot timing 'plot/landmark_debug/19_timing'...
[    24.902] ..plot timing 'plot/landmark_debug/global_timing'...
[    26.179] subject: 20
[    26.182] ..read cdf 'cdf/landmark/20.mat'...
[    26.287] ..plot timing 'plot/landmark_debug/20_timing'...
[    26.496] ..plot timing 'plot/landmark_debug/global_timing'...
[    27.720] subject: 21
[    27.722] ..read cdf 'cdf/landmark/21.mat'...
[    27.828] ..plot timing 'plot/landmark_debug/21_timing'...
[    28.039] ..plot timing 'plot/landmark_debug/global_timing'...
[    29.185] subject: 22
[    29.187] ..read cdf 'cdf/landmark/22.mat'...
[    29.290] ..plot timing 'plot/landmark_debug/22_timing'...
[    29.502] ..plot timing 'plot/landmark_debug/global_timing'...
[    30.641] subject: 23
[    30.644] ..read cdf 'cdf/landmark/23.mat'...
[    30.753] ..plot timing 'plot/landmark_debug/23_timing'...
[    30.969] ..plot timing 'plot/landmark_debug/global_timing'...
[    32.049] subject: 24
[    32.051] ..read cdf 'cdf/landmark/24.mat'...
[    32.155] ..plot timing 'plot/landmark_debug/24_timing'...
[    32.371] ..plot timing 'plot/landmark_debug/global_timing'...
[    33.427] subject: 25
[    33.430] ..read cdf 'cdf/landmark/25.mat'...
[    33.535] ..plot timing 'plot/landmark_debug/25_timing'...
[    33.750] ..plot timing 'plot/landmark_debug/global_timing'...
[    34.758] subject: 26
[    34.760] ..read cdf 'cdf/landmark/26.mat'...
[    34.865] ..plot timing 'plot/landmark_debug/26_timing'...
[    35.079] ..plot timing 'plot/landmark_debug/global_timing'...
[    36.063] subject: 27
[    36.066] ..read cdf 'cdf/landmark/27.mat'...
[    36.170] ..plot timing 'plot/landmark_debug/27_timing'...
[    36.380] ..plot timing 'plot/landmark_debug/global_timing'...
[    37.349] subject: 28
[    37.352] ..skipping
[    37.352] subject: 29
[    37.353] ..read cdf 'cdf/landmark/29.mat'...
[    37.458] ..plot timing 'plot/landmark_debug/29_timing'...
[    37.663] ..plot timing 'plot/landmark_debug/global_timing'...
[    38.595] subject: 30
[    38.598] ..skipping
[    38.598] subject: 31
[    38.599] ..read cdf 'cdf/landmark/31.mat'...
[    38.702] ..plot timing 'plot/landmark_debug/31_timing'...
[    38.959] ..plot timing 'plot/landmark_debug/global_timing'...
[    39.859] subject: 32
[    39.862] ..read cdf 'cdf/landmark/32.mat'...
[    39.967] ..plot timing 'plot/landmark_debug/32_timing'...
[    40.172] ..plot timing 'plot/landmark_debug/global_timing'...
[    41.088] subject: 33
[    41.091] ..read cdf 'cdf/landmark/33.mat'...
[    41.195] ..plot timing 'plot/landmark_debug/33_timing'...
[    41.403] ..plot timing 'plot/landmark_debug/global_timing'...
[    42.274] subject: 34
[    42.277] ..read cdf 'cdf/landmark/34.mat'...
[    42.381] ..plot timing 'plot/landmark_debug/34_timing'...
[    42.589] ..plot timing 'plot/landmark_debug/global_timing'...
[    43.440] subject: 35
[    43.443] ..read cdf 'cdf/landmark/35.mat'...
[    43.548] ..plot timing 'plot/landmark_debug/35_timing'...
[    43.774] ..plot timing 'plot/landmark_debug/global_timing'...
[    44.618] subject: 36
[    44.621] ..read cdf 'cdf/landmark/36.mat'...
[    44.726] ..plot timing 'plot/landmark_debug/36_timing'...
[    44.954] ..plot timing 'plot/landmark_debug/global_timing'...
[    45.777] subject: 37
[    45.780] ..read cdf 'cdf/landmark/37.mat'...
[    45.884] ..plot timing 'plot/landmark_debug/37_timing'...
[    46.096] ..plot timing 'plot/landmark_debug/global_timing'...
[    46.892] subject: 38
[    46.894] ..read cdf 'cdf/landmark/38.mat'...
[    47.000] ..plot timing 'plot/landmark_debug/38_timing'...
[    47.208] ..plot timing 'plot/landmark_debug/global_timing'...
[    48.016] subject: 39
[    48.019] ..read cdf 'cdf/landmark/39.mat'...
[    48.124] ..plot timing 'plot/landmark_debug/39_timing'...
[    48.339] ..plot timing 'plot/landmark_debug/global_timing'...
[    49.142] subject: 40
[    49.144] ..read cdf 'cdf/landmark/40.mat'...
[    49.249] ..plot timing 'plot/landmark_debug/40_timing'...
[    49.492] ..plot timing 'plot/landmark_debug/global_timing'...
[    50.275] subject: 41
[    50.278] ..read cdf 'cdf/landmark/41.mat'...
[    50.385] ..plot timing 'plot/landmark_debug/41_timing'...
[    50.596] ..plot timing 'plot/landmark_debug/global_timing'...
[    51.361] subject: 42
[    51.363] ..read cdf 'cdf/landmark/42.mat'...
[    51.469] ..plot timing 'plot/landmark_debug/42_timing'...
[    51.684] ..plot timing 'plot/landmark_debug/global_timing'...
[    52.453] subject: 43
[    52.455] ..read cdf 'cdf/landmark/43.mat'...
[    52.563] ..plot timing 'plot/landmark_debug/43_timing'...
[    52.771] ..plot timing 'plot/landmark_debug/global_timing'...
[    53.522] subject: 44
[    53.525] ..read cdf 'cdf/landmark/44.mat'...
[    53.628] ..plot timing 'plot/landmark_debug/44_timing'...
[    53.854] ..plot timing 'plot/landmark_debug/global_timing'...
[    54.598] subject: 45
[    54.601] ..read cdf 'cdf/landmark/45.mat'...
[    54.709] ..plot timing 'plot/landmark_debug/45_timing'...
[    54.925] ..plot timing 'plot/landmark_debug/global_timing'...
[    55.658] subject: 46
[    55.661] ..read cdf 'cdf/landmark/46.mat'...
[    55.766] ..plot timing 'plot/landmark_debug/46_timing'...
[    55.992] ..plot timing 'plot/landmark_debug/global_timing'...
[    56.746] subject: 47
[    56.749] ..read cdf 'cdf/landmark/47.mat'...
[    56.853] ..plot timing 'plot/landmark_debug/47_timing'...
[    57.067] ..plot timing 'plot/landmark_debug/global_timing'...
[    57.785] done.
