[     0.057] subject: 1
[     0.074] ..skipping
[     0.076] subject: 2
[     0.080] ..skipping
[     0.080] subject: 3
[     0.081] ..read cdf 'cdf/sync/3.mat'...
[     0.169] ..read audio 'raw/participant_3_1.wav'...
[     4.613] ....rate: 44100Hz
[     4.615] ....length: 2055.4s
[     4.645] ..plot trial 'plot/sync_debug/3/709'...
[     7.421] ..plot trial 'plot/sync_debug/3/174'...
[     9.319] ..plot trial 'plot/sync_debug/3/88'...
[    11.265] ..plot trial 'plot/sync_debug/3/321'...
[    13.826] ..plot trial 'plot/sync_debug/3/101'...
[    15.714] ..plot trial 'plot/sync_debug/3/917'...
[    17.630] ..plot trial 'plot/sync_debug/3/898'...
[    20.026] ..plot trial 'plot/sync_debug/3/432'...
[    21.895] ..plot trial 'plot/sync_debug/3/40'...
[    26.444] ..plot trial 'plot/sync_debug/3/900'...
[    28.154] subject: 4
[    28.156] ..read cdf 'cdf/sync/4.mat'...
[    28.243] ..read audio 'raw/participant_4_1.wav'...
[    35.919] ....rate: 44100Hz
[    35.919] ....length: 2023.5s
[    35.924] ..plot trial 'plot/sync_debug/4/288'...
[    37.836] ..plot trial 'plot/sync_debug/4/809'...
[    39.831] ..plot trial 'plot/sync_debug/4/301'...
[    41.778] ..plot trial 'plot/sync_debug/4/20'...
[    43.772] ..plot trial 'plot/sync_debug/4/106'...
[    45.699] ..plot trial 'plot/sync_debug/4/931'...
[    47.671] ..plot trial 'plot/sync_debug/4/134'...
[    49.590] ..plot trial 'plot/sync_debug/4/295'...
[    51.567] ..plot trial 'plot/sync_debug/4/459'...
[    53.395] ..plot trial 'plot/sync_debug/4/696'...
[    55.010] subject: 5
[    55.012] ..read cdf 'cdf/sync/5.mat'...
[    55.112] ..read audio 'raw/participant_5_1.wav'...
[    62.743] ....rate: 44100Hz
[    62.744] ....length: 2040.5s
[    62.748] ..plot trial 'plot/sync_debug/5/52'...
[    64.597] ..plot trial 'plot/sync_debug/5/528'...
[    66.531] ..plot trial 'plot/sync_debug/5/601'...
[    68.441] ..plot trial 'plot/sync_debug/5/425'...
[    70.181] ..plot trial 'plot/sync_debug/5/968'...
[    72.026] ..plot trial 'plot/sync_debug/5/712'...
[    73.899] ..plot trial 'plot/sync_debug/5/680'...
[    75.977] ..plot trial 'plot/sync_debug/5/141'...
[    77.753] ..plot trial 'plot/sync_debug/5/926'...
[    79.536] ..plot trial 'plot/sync_debug/5/549'...
[    81.370] subject: 6
[    81.373] ..read cdf 'cdf/sync/6.mat'...
[    81.458] ..read audio 'raw/participant_6_1.wav'...
[    88.876] ....rate: 44100Hz
[    88.877] ....length: 2008.3s
[    88.882] ..plot trial 'plot/sync_debug/6/769'...
[    90.500] ..plot trial 'plot/sync_debug/6/439'...
[    92.254] ..plot trial 'plot/sync_debug/6/973'...
[    94.056] ..plot trial 'plot/sync_debug/6/358'...
[    95.833] ..plot trial 'plot/sync_debug/6/118'...
[    97.753] ..plot trial 'plot/sync_debug/6/988'...
[    99.607] ..plot trial 'plot/sync_debug/6/680'...
[   101.468] ..plot trial 'plot/sync_debug/6/277'...
[   103.249] ..plot trial 'plot/sync_debug/6/918'...
[   104.995] ..plot trial 'plot/sync_debug/6/637'...
[   106.843] subject: 7
[   106.845] ..read cdf 'cdf/sync/7.mat'...
[   106.947] ..read audio 'raw/participant_7_1.wav'...
[   115.381] ....rate: 44100Hz
[   115.381] ....length: 2221.5s
[   115.386] ..plot trial 'plot/sync_debug/7/952'...
[   117.568] ..plot trial 'plot/sync_debug/7/1022'...
[   119.758] ..plot trial 'plot/sync_debug/7/177'...
[   121.666] ..plot trial 'plot/sync_debug/7/931'...
[   123.808] ..plot trial 'plot/sync_debug/7/141'...
[   125.979] ..plot trial 'plot/sync_debug/7/908'...
[   127.884] ..plot trial 'plot/sync_debug/7/639'...
[   129.989] ..plot trial 'plot/sync_debug/7/366'...
[   131.941] ..plot trial 'plot/sync_debug/7/708'...
[   133.947] ..plot trial 'plot/sync_debug/7/17'...
[   135.944] subject: 8
[   135.946] ..read cdf 'cdf/sync/8.mat'...
[   136.033] ..read audio 'raw/participant_8_1.wav'...
[   143.802] ....rate: 44100Hz
[   143.803] ....length: 2081.8s
[   143.808] ..plot trial 'plot/sync_debug/8/128'...
[   145.606] ..plot trial 'plot/sync_debug/8/993'...
[   147.434] ..plot trial 'plot/sync_debug/8/286'...
[   149.427] ..plot trial 'plot/sync_debug/8/566'...
[   151.283] ..plot trial 'plot/sync_debug/8/881'...
[   153.292] ..plot trial 'plot/sync_debug/8/29'...
[   155.314] ..plot trial 'plot/sync_debug/8/863'...
[   157.155] ..plot trial 'plot/sync_debug/8/252'...
[   159.239] ..plot trial 'plot/sync_debug/8/552'...
[   160.983] ..plot trial 'plot/sync_debug/8/601'...
[   162.919] subject: 9
[   162.922] ..read cdf 'cdf/sync/9.mat'...
[   163.010] ..read audio 'raw/participant_9_1.wav'...
[   170.494] ....rate: 44100Hz
[   170.495] ....length: 2034.5s
[   170.499] ..plot trial 'plot/sync_debug/9/110'...
[   172.488] ..plot trial 'plot/sync_debug/9/46'...
[   174.415] ..plot trial 'plot/sync_debug/9/730'...
[   176.392] ..plot trial 'plot/sync_debug/9/62'...
[   178.349] ..plot trial 'plot/sync_debug/9/990'...
[   180.244] ..plot trial 'plot/sync_debug/9/13'...
[   183.514] ..plot trial 'plot/sync_debug/9/125'...
[   185.401] ..plot trial 'plot/sync_debug/9/74'...
[   187.469] ..plot trial 'plot/sync_debug/9/573'...
[   189.228] ..plot trial 'plot/sync_debug/9/231'...
[   191.202] subject: 10
[   191.204] ..read cdf 'cdf/sync/10.mat'...
[   191.280] ..read audio 'raw/participant_10_1.wav'...
[   199.355] ....rate: 44100Hz
[   199.355] ....length: 2136.2s
[   199.359] ..plot trial 'plot/sync_debug/10/621'...
[   201.453] ..plot trial 'plot/sync_debug/10/1013'...
[   203.556] ..plot trial 'plot/sync_debug/10/583'...
[   205.345] ..plot trial 'plot/sync_debug/10/635'...
[   207.306] ..plot trial 'plot/sync_debug/10/72'...
[   209.266] ..plot trial 'plot/sync_debug/10/161'...
[   211.291] ..plot trial 'plot/sync_debug/10/20'...
[   214.376] ..plot trial 'plot/sync_debug/10/849'...
[   216.415] ..plot trial 'plot/sync_debug/10/499'...
[   218.101] ..plot trial 'plot/sync_debug/10/325'...
[   219.954] subject: 11
[   219.956] ..read cdf 'cdf/sync/11.mat'...
[   220.040] ..read audio 'raw/participant_11_1.wav'...
[   228.339] ....rate: 44100Hz
[   228.339] ....length: 2208.1s
[   228.344] ..plot trial 'plot/sync_debug/11/270'...
[   230.500] ..plot trial 'plot/sync_debug/11/538'...
[   232.598] ..plot trial 'plot/sync_debug/11/948'...
[   234.753] ..plot trial 'plot/sync_debug/11/655'...
[   238.642] ..plot trial 'plot/sync_debug/11/68'...
[   240.857] ..plot trial 'plot/sync_debug/11/69'...
[   243.226] ..plot trial 'plot/sync_debug/11/199'...
[   245.438] ..plot trial 'plot/sync_debug/11/267'...
[   247.721] ..plot trial 'plot/sync_debug/11/771'...
[   249.769] ..plot trial 'plot/sync_debug/11/825'...
[   251.729] subject: 12
[   251.732] ..read cdf 'cdf/sync/12.mat'...
[   251.818] ..read audio 'raw/participant_12_1.wav'...
[   259.874] ....rate: 44100Hz
[   259.874] ....length: 2148.3s
[   259.880] ..plot trial 'plot/sync_debug/12/941'...
[   261.714] ..plot trial 'plot/sync_debug/12/619'...
[   263.640] ..plot trial 'plot/sync_debug/12/405'...
[   265.724] ..plot trial 'plot/sync_debug/12/498'...
[   267.781] ..plot trial 'plot/sync_debug/12/400'...
[   269.666] ..plot trial 'plot/sync_debug/12/949'...
[   271.722] ..plot trial 'plot/sync_debug/12/987'...
[   273.786] ..plot trial 'plot/sync_debug/12/563'...
[   275.814] ..plot trial 'plot/sync_debug/12/938'...
[   277.751] ..plot trial 'plot/sync_debug/12/657'...
[   279.864] subject: 13
[   279.867] ..read cdf 'cdf/sync/13.mat'...
[   279.961] ..read audio 'raw/participant_13_1.wav'...
[   287.576] ....rate: 44100Hz
[   287.577] ....length: 2033.9s
[   287.581] ..plot trial 'plot/sync_debug/13/596'...
[   289.360] ..plot trial 'plot/sync_debug/13/354'...
[   291.126] ..plot trial 'plot/sync_debug/13/928'...
[   292.939] ..plot trial 'plot/sync_debug/13/866'...
[   294.788] ..plot trial 'plot/sync_debug/13/471'...
[   296.791] ..plot trial 'plot/sync_debug/13/829'...
[   298.609] ..plot trial 'plot/sync_debug/13/560'...
[   300.473] ..plot trial 'plot/sync_debug/13/135'...
[   302.419] ..plot trial 'plot/sync_debug/13/900'...
[   304.255] ..plot trial 'plot/sync_debug/13/963'...
[   306.122] subject: 14
[   306.124] ..read cdf 'cdf/sync/14.mat'...
[   306.210] ..read audio 'raw/participant_14_1.wav'...
[   315.534] ....rate: 44100Hz
[   315.535] ....length: 2454.1s
[   315.540] ..plot trial 'plot/sync_debug/14/696'...
[   318.126] ..plot trial 'plot/sync_debug/14/1'...
[   320.530] ..plot trial 'plot/sync_debug/14/592'...
[   322.787] ..plot trial 'plot/sync_debug/14/807'...
[   325.468] ..plot trial 'plot/sync_debug/14/189'...
[   327.713] ..plot trial 'plot/sync_debug/14/627'...
[   330.023] ..plot trial 'plot/sync_debug/14/941'...
[   332.271] ..plot trial 'plot/sync_debug/14/431'...
[   335.234] ..plot trial 'plot/sync_debug/14/1001'...
[   337.420] ..plot trial 'plot/sync_debug/14/56'...
[   339.478] subject: 15
[   339.481] ..read cdf 'cdf/sync/15.mat'...
[   339.562] ..read audio 'raw/participant_15_1.wav'...
[   348.218] ....rate: 44100Hz
[   348.218] ....length: 2326.4s
[   348.223] ..plot trial 'plot/sync_debug/15/421'...
[   350.540] ..plot trial 'plot/sync_debug/15/687'...
[   352.619] ..plot trial 'plot/sync_debug/15/462'...
[   354.869] ..plot trial 'plot/sync_debug/15/331'...
[   357.039] ..plot trial 'plot/sync_debug/15/326'...
[   359.204] ..plot trial 'plot/sync_debug/15/412'...
[   361.562] ..plot trial 'plot/sync_debug/15/715'...
[   363.725] ..plot trial 'plot/sync_debug/15/774'...
[   366.012] ..plot trial 'plot/sync_debug/15/886'...
[   368.165] ..plot trial 'plot/sync_debug/15/392'...
[   370.351] subject: 16
[   370.354] ..read cdf 'cdf/sync/16.mat'...
[   370.442] ..read audio 'raw/participant_16_1.wav'...
[   375.081] ....rate: 44100Hz
[   375.081] ....length: 2117.6s
[   375.086] ..plot trial 'plot/sync_debug/16/541'...
[   376.904] ..plot trial 'plot/sync_debug/16/679'...
[   378.797] ..plot trial 'plot/sync_debug/16/790'...
[   380.646] ..plot trial 'plot/sync_debug/16/532'...
[   382.489] ..plot trial 'plot/sync_debug/16/587'...
[   384.353] ..plot trial 'plot/sync_debug/16/277'...
[   386.246] ..plot trial 'plot/sync_debug/16/259'...
[   388.140] ..plot trial 'plot/sync_debug/16/822'...
[   390.166] ..plot trial 'plot/sync_debug/16/876'...
[   392.302] ..plot trial 'plot/sync_debug/16/751'...
[   394.233] subject: 17
[   394.236] ..read cdf 'cdf/sync/17.mat'...
[   394.320] ..read audio 'raw/participant_17_1.wav'...
[   401.885] ....rate: 44100Hz
[   401.885] ....length: 2052.6s
[   401.889] ..plot trial 'plot/sync_debug/17/231'...
[   403.707] ..plot trial 'plot/sync_debug/17/320'...
[   405.674] ..plot trial 'plot/sync_debug/17/584'...
[   407.481] ..plot trial 'plot/sync_debug/17/607'...
[   409.437] ..plot trial 'plot/sync_debug/17/165'...
[   411.400] ..plot trial 'plot/sync_debug/17/932'...
[   413.185] ..plot trial 'plot/sync_debug/17/354'...
[   415.121] ..plot trial 'plot/sync_debug/17/939'...
[   416.975] ..plot trial 'plot/sync_debug/17/479'...
[   418.790] ..plot trial 'plot/sync_debug/17/705'...
[   420.604] subject: 18
[   420.606] ..read cdf 'cdf/sync/18.mat'...
[   420.690] ..read audio 'raw/participant_18_1.wav'...
[   428.419] ....rate: 44100Hz
[   428.420] ....length: 2067.9s
[   428.424] ..plot trial 'plot/sync_debug/18/241'...
[   430.482] ..plot trial 'plot/sync_debug/18/105'...
[   432.420] ..plot trial 'plot/sync_debug/18/490'...
[   434.163] ..plot trial 'plot/sync_debug/18/148'...
[   436.058] ..plot trial 'plot/sync_debug/18/638'...
[   437.863] ..plot trial 'plot/sync_debug/18/158'...
[   439.736] ..plot trial 'plot/sync_debug/18/558'...
[   441.609] ..plot trial 'plot/sync_debug/18/671'...
[   443.467] ..plot trial 'plot/sync_debug/18/529'...
[   445.111] ..plot trial 'plot/sync_debug/18/770'...
[   446.964] subject: 19
[   446.965] ..read cdf 'cdf/sync/19.mat'...
[   447.056] ..read audio 'raw/participant_19_1.wav'...
[   454.835] ....rate: 44100Hz
[   454.835] ....length: 2099.0s
[   454.840] ..plot trial 'plot/sync_debug/19/875'...
[   456.778] ..plot trial 'plot/sync_debug/19/102'...
[   458.750] ..plot trial 'plot/sync_debug/19/36'...
[   460.783] ..plot trial 'plot/sync_debug/19/847'...
[   462.601] ..plot trial 'plot/sync_debug/19/667'...
[   464.354] ..plot trial 'plot/sync_debug/19/750'...
[   466.349] ..plot trial 'plot/sync_debug/19/625'...
[   468.258] ..plot trial 'plot/sync_debug/19/789'...
[   470.165] ..plot trial 'plot/sync_debug/19/721'...
[   472.081] ..plot trial 'plot/sync_debug/19/819'...
[   474.060] subject: 20
[   474.061] ..read cdf 'cdf/sync/20.mat'...
[   474.140] ..read audio 'raw/participant_20_1.wav'...
[   482.407] ....rate: 44100Hz
[   482.408] ....length: 2201.0s
[   482.412] ..plot trial 'plot/sync_debug/20/365'...
[   484.490] ..plot trial 'plot/sync_debug/20/27'...
[   486.668] ..plot trial 'plot/sync_debug/20/923'...
[   488.858] ..plot trial 'plot/sync_debug/20/540'...
[   491.066] ..plot trial 'plot/sync_debug/20/999'...
[   493.353] ..plot trial 'plot/sync_debug/20/1018'...
[   495.553] ..plot trial 'plot/sync_debug/20/652'...
[   497.652] ..plot trial 'plot/sync_debug/20/560'...
[   499.768] ..plot trial 'plot/sync_debug/20/139'...
[   501.757] ..plot trial 'plot/sync_debug/20/555'...
[   504.058] subject: 21
[   504.059] ..read cdf 'cdf/sync/21.mat'...
[   504.150] ..read audio 'raw/participant_21_1.wav'...
[   511.809] ....rate: 44100Hz
[   511.809] ....length: 2060.2s
[   511.813] ..plot trial 'plot/sync_debug/21/209'...
[   513.607] ..plot trial 'plot/sync_debug/21/59'...
[   515.710] ..plot trial 'plot/sync_debug/21/269'...
[   518.847] ..plot trial 'plot/sync_debug/21/521'...
[   520.809] ..plot trial 'plot/sync_debug/21/769'...
[   522.696] ..plot trial 'plot/sync_debug/21/218'...
[   524.684] ..plot trial 'plot/sync_debug/21/468'...
[   526.718] ..plot trial 'plot/sync_debug/21/1014'...
[   528.634] ..plot trial 'plot/sync_debug/21/254'...
[   530.491] ..plot trial 'plot/sync_debug/21/818'...
[   532.397] subject: 22
[   532.400] ..read cdf 'cdf/sync/22.mat'...
[   532.482] ..read audio 'raw/participant_22_1.wav'...
[   539.750] ....rate: 44100Hz
[   539.750] ....length: 1952.6s
[   539.755] ..plot trial 'plot/sync_debug/22/971'...
[   541.505] ..plot trial 'plot/sync_debug/22/727'...
[   543.218] ..plot trial 'plot/sync_debug/22/227'...
[   544.943] ..plot trial 'plot/sync_debug/22/439'...
[   546.739] ..plot trial 'plot/sync_debug/22/649'...
[   548.453] ..plot trial 'plot/sync_debug/22/84'...
[   550.128] ..plot trial 'plot/sync_debug/22/112'...
[   551.911] ..plot trial 'plot/sync_debug/22/34'...
[   553.637] ..plot trial 'plot/sync_debug/22/477'...
[   555.306] ..plot trial 'plot/sync_debug/22/274'...
[   557.036] subject: 23
[   557.039] ..read cdf 'cdf/sync/23.mat'...
[   557.127] ..read audio 'raw/participant_23_1.wav'...
[   565.851] ....rate: 44100Hz
[   565.851] ....length: 2294.2s
[   565.856] ..plot trial 'plot/sync_debug/23/773'...
[   567.913] ..plot trial 'plot/sync_debug/23/461'...
[   570.190] ..plot trial 'plot/sync_debug/23/470'...
[   572.284] ..plot trial 'plot/sync_debug/23/117'...
[   574.563] ..plot trial 'plot/sync_debug/23/29'...
[   576.954] ..plot trial 'plot/sync_debug/23/19'...
[   579.355] ..plot trial 'plot/sync_debug/23/765'...
[   581.677] ..plot trial 'plot/sync_debug/23/464'...
[   583.778] ..plot trial 'plot/sync_debug/23/69'...
[   586.165] ..plot trial 'plot/sync_debug/23/405'...
[   588.397] subject: 24
[   588.400] ..read cdf 'cdf/sync/24.mat'...
[   588.482] ..read audio 'raw/participant_24_1.wav'...
[   596.509] ....rate: 44100Hz
[   596.510] ....length: 2162.4s
[   596.514] ..plot trial 'plot/sync_debug/24/938'...
[   598.529] ..plot trial 'plot/sync_debug/24/928'...
[   600.563] ..plot trial 'plot/sync_debug/24/816'...
[   602.445] ..plot trial 'plot/sync_debug/24/638'...
[   604.625] ..plot trial 'plot/sync_debug/24/162'...
[   606.619] ..plot trial 'plot/sync_debug/24/193'...
[   608.626] ..plot trial 'plot/sync_debug/24/975'...
[   610.533] ..plot trial 'plot/sync_debug/24/4'...
[   612.475] ..plot trial 'plot/sync_debug/24/552'...
[   614.449] ..plot trial 'plot/sync_debug/24/150'...
[   616.418] subject: 25
[   616.421] ..read cdf 'cdf/sync/25.mat'...
[   616.501] ..read audio 'raw/participant_25_1.wav'...
[   624.334] ....rate: 44100Hz
[   624.334] ....length: 2096.4s
[   624.338] ..plot trial 'plot/sync_debug/25/546'...
[   626.366] ..plot trial 'plot/sync_debug/25/318'...
[   628.177] ..plot trial 'plot/sync_debug/25/932'...
[   630.233] ..plot trial 'plot/sync_debug/25/151'...
[   632.263] ..plot trial 'plot/sync_debug/25/271'...
[   634.212] ..plot trial 'plot/sync_debug/25/838'...
[   636.030] ..plot trial 'plot/sync_debug/25/322'...
[   638.004] ..plot trial 'plot/sync_debug/25/1006'...
[   640.096] ..plot trial 'plot/sync_debug/25/375'...
[   642.084] ..plot trial 'plot/sync_debug/25/273'...
[   644.023] subject: 26
[   644.024] ..read cdf 'cdf/sync/26.mat'...
[   644.112] ..read audio 'raw/participant_26_1.wav'...
[   652.761] ....rate: 44100Hz
[   652.761] ....length: 2282.1s
[   652.765] ..plot trial 'plot/sync_debug/26/707'...
[   654.822] ..plot trial 'plot/sync_debug/26/939'...
[   656.865] ..plot trial 'plot/sync_debug/26/644'...
[   658.841] ..plot trial 'plot/sync_debug/26/298'...
[   661.198] ..plot trial 'plot/sync_debug/26/319'...
[   663.466] ..plot trial 'plot/sync_debug/26/10'...
[   665.818] ..plot trial 'plot/sync_debug/26/572'...
[   667.919] ..plot trial 'plot/sync_debug/26/591'...
[   669.988] ..plot trial 'plot/sync_debug/26/464'...
[   672.234] ..plot trial 'plot/sync_debug/26/530'...
[   674.245] subject: 27
[   674.247] ..read cdf 'cdf/sync/27.mat'...
[   674.336] ..read audio 'raw/participant_27_1.wav'...
[   682.208] ....rate: 44100Hz
[   682.209] ....length: 2071.6s
[   682.213] ..plot trial 'plot/sync_debug/27/179'...
[   684.183] ..plot trial 'plot/sync_debug/27/424'...
[   686.224] ..plot trial 'plot/sync_debug/27/190'...
[   688.198] ..plot trial 'plot/sync_debug/27/322'...
[   689.985] ..plot trial 'plot/sync_debug/27/358'...
[   691.783] ..plot trial 'plot/sync_debug/27/589'...
[   693.508] ..plot trial 'plot/sync_debug/27/836'...
[   695.528] ..plot trial 'plot/sync_debug/27/247'...
[   697.415] ..plot trial 'plot/sync_debug/27/719'...
[   699.273] ..plot trial 'plot/sync_debug/27/622'...
[   701.290] subject: 28
[   701.293] ..skipping
[   701.295] subject: 29
[   701.295] ..read cdf 'cdf/sync/29.mat'...
[   701.389] ..read audio 'raw/participant_29_1.wav'...
[   709.496] ....rate: 44100Hz
[   709.496] ....length: 2167.6s
[   709.501] ..plot trial 'plot/sync_debug/29/610'...
[   711.529] ..plot trial 'plot/sync_debug/29/924'...
[   713.645] ..plot trial 'plot/sync_debug/29/463'...
[   715.637] ..plot trial 'plot/sync_debug/29/999'...
[   717.836] ..plot trial 'plot/sync_debug/29/173'...
[   719.709] ..plot trial 'plot/sync_debug/29/385'...
[   721.727] ..plot trial 'plot/sync_debug/29/1000'...
[   723.841] ..plot trial 'plot/sync_debug/29/67'...
[   725.925] ..plot trial 'plot/sync_debug/29/96'...
[   728.014] ..plot trial 'plot/sync_debug/29/34'...
[   730.267] subject: 30
[   730.270] ..skipping
[   730.270] subject: 31
[   730.270] ..read cdf 'cdf/sync/31.mat'...
[   730.356] ..read audio 'raw/participant_31_1.wav'...
[   740.861] ....rate: 44100Hz
[   740.861] ....length: 2731.1s
[   740.866] ..plot trial 'plot/sync_debug/31/777'...
[   742.993] ..plot trial 'plot/sync_debug/31/226'...
[   745.280] ..plot trial 'plot/sync_debug/31/537'...
[   747.432] ..plot trial 'plot/sync_debug/31/328'...
[   749.603] ..plot trial 'plot/sync_debug/31/141'...
[   751.908] ..plot trial 'plot/sync_debug/31/347'...
[   754.647] ..plot trial 'plot/sync_debug/31/1009'...
[   757.405] ..plot trial 'plot/sync_debug/31/469'...
[   759.811] ..plot trial 'plot/sync_debug/31/12'...
[   762.115] ..plot trial 'plot/sync_debug/31/480'...
[   764.393] subject: 32
[   764.394] ..read cdf 'cdf/sync/32.mat'...
[   764.473] ..read audio 'raw/participant_32_1.wav'...
[   773.087] ....rate: 44100Hz
[   773.088] ....length: 2009.8s
[   773.093] ..plot trial 'plot/sync_debug/32/937'...
[   774.924] ..plot trial 'plot/sync_debug/32/660'...
[   776.731] ..plot trial 'plot/sync_debug/32/830'...
[   778.509] ..plot trial 'plot/sync_debug/32/689'...
[   780.362] ..plot trial 'plot/sync_debug/32/497'...
[   782.247] ..plot trial 'plot/sync_debug/32/13'...
[   784.151] ..plot trial 'plot/sync_debug/32/704'...
[   785.989] ..plot trial 'plot/sync_debug/32/461'...
[   787.798] ..plot trial 'plot/sync_debug/32/6'...
[   789.724] ..plot trial 'plot/sync_debug/32/880'...
[   791.695] subject: 33
[   791.697] ..read cdf 'cdf/sync/33.mat'...
[   791.787] ..read audio 'raw/participant_33_1.wav'...
[   799.618] ....rate: 44100Hz
[   799.618] ....length: 2042.6s
[   799.622] ..plot trial 'plot/sync_debug/33/766'...
[   801.475] ..plot trial 'plot/sync_debug/33/786'...
[   803.478] ..plot trial 'plot/sync_debug/33/439'...
[   805.243] ..plot trial 'plot/sync_debug/33/363'...
[   807.080] ..plot trial 'plot/sync_debug/33/317'...
[   808.814] ..plot trial 'plot/sync_debug/33/297'...
[   810.726] ..plot trial 'plot/sync_debug/33/751'...
[   812.947] ..plot trial 'plot/sync_debug/33/793'...
[   814.813] ..plot trial 'plot/sync_debug/33/219'...
[   816.683] ..plot trial 'plot/sync_debug/33/828'...
[   818.602] subject: 34
[   818.604] ..read cdf 'cdf/sync/34.mat'...
[   818.701] ..read audio 'raw/participant_34_1.wav'...
[   827.161] ....rate: 44100Hz
[   827.161] ....length: 2195.9s
[   827.166] ..plot trial 'plot/sync_debug/34/238'...
[   829.304] ..plot trial 'plot/sync_debug/34/940'...
[   831.341] ..plot trial 'plot/sync_debug/34/446'...
[   834.343] ..plot trial 'plot/sync_debug/34/568'...
[   836.404] ..plot trial 'plot/sync_debug/34/855'...
[   838.446] ..plot trial 'plot/sync_debug/34/729'...
[   840.319] ..plot trial 'plot/sync_debug/34/213'...
[   842.277] ..plot trial 'plot/sync_debug/34/83'...
[   844.402] ..plot trial 'plot/sync_debug/34/946'...
[   846.385] ..plot trial 'plot/sync_debug/34/312'...
[   849.349] subject: 35
[   849.351] ..read cdf 'cdf/sync/35.mat'...
[   849.435] ..read audio 'raw/participant_35_1.wav'...
[   857.549] ....rate: 44100Hz
[   857.549] ....length: 2093.8s
[   857.554] ..plot trial 'plot/sync_debug/35/612'...
[   859.462] ..plot trial 'plot/sync_debug/35/767'...
[   861.568] ..plot trial 'plot/sync_debug/35/654'...
[   863.599] ..plot trial 'plot/sync_debug/35/750'...
[   865.673] ..plot trial 'plot/sync_debug/35/660'...
[   867.648] ..plot trial 'plot/sync_debug/35/216'...
[   869.660] ..plot trial 'plot/sync_debug/35/303'...
[   871.607] ..plot trial 'plot/sync_debug/35/616'...
[   873.593] ..plot trial 'plot/sync_debug/35/773'...
[   875.612] ..plot trial 'plot/sync_debug/35/194'...
[   877.507] subject: 36
[   877.509] ..read cdf 'cdf/sync/36.mat'...
[   877.596] ..read audio 'raw/participant_36_1.wav'...
[   886.045] ....rate: 44100Hz
[   886.045] ....length: 2136.2s
[   886.049] ..plot trial 'plot/sync_debug/36/366'...
[   888.053] ..plot trial 'plot/sync_debug/36/111'...
[   890.220] ..plot trial 'plot/sync_debug/36/212'...
[   892.213] ..plot trial 'plot/sync_debug/36/506'...
[   894.437] ..plot trial 'plot/sync_debug/36/521'...
[   896.350] ..plot trial 'plot/sync_debug/36/268'...
[   898.311] ..plot trial 'plot/sync_debug/36/544'...
[   900.312] ..plot trial 'plot/sync_debug/36/380'...
[   903.276] ..plot trial 'plot/sync_debug/36/79'...
[   905.323] ..plot trial 'plot/sync_debug/36/136'...
[   907.332] subject: 37
[   907.341] ..read cdf 'cdf/sync/37.mat'...
[   907.444] ..read audio 'raw/participant_37_1.wav'...
[   914.713] ....rate: 44100Hz
[   914.713] ....length: 1895.4s
[   914.719] ..plot trial 'plot/sync_debug/37/573'...
[   916.479] ..plot trial 'plot/sync_debug/37/565'...
[   918.183] ..plot trial 'plot/sync_debug/37/21'...
[   920.008] ..plot trial 'plot/sync_debug/37/883'...
[   921.786] ..plot trial 'plot/sync_debug/37/181'...
[   923.447] ..plot trial 'plot/sync_debug/37/881'...
[   925.215] ..plot trial 'plot/sync_debug/37/154'...
[   926.956] ..plot trial 'plot/sync_debug/37/778'...
[   928.539] ..plot trial 'plot/sync_debug/37/741'...
[   930.338] ..plot trial 'plot/sync_debug/37/222'...
[   932.329] subject: 38
[   932.331] ..read cdf 'cdf/sync/38.mat'...
[   932.417] ..read audio 'raw/participant_38_1.wav'...
[   940.921] ....rate: 44100Hz
[   940.921] ....length: 2198.2s
[   941.006] ..plot trial 'plot/sync_debug/38/412'...
[   943.062] ..plot trial 'plot/sync_debug/38/794'...
[   945.132] ..plot trial 'plot/sync_debug/38/628'...
[   947.223] ..plot trial 'plot/sync_debug/38/384'...
[   949.272] ..plot trial 'plot/sync_debug/38/789'...
[   951.245] ..plot trial 'plot/sync_debug/38/800'...
[   953.394] ..plot trial 'plot/sync_debug/38/715'...
[   955.647] ..plot trial 'plot/sync_debug/38/769'...
[   958.043] ..plot trial 'plot/sync_debug/38/724'...
[   960.158] ..plot trial 'plot/sync_debug/38/4'...
[   962.055] subject: 39
[   962.058] ..read cdf 'cdf/sync/39.mat'...
[   962.155] ..read audio 'raw/participant_39_1.wav'...
[   970.680] ....rate: 44100Hz
[   970.680] ....length: 2195.9s
[   970.685] ..plot trial 'plot/sync_debug/39/629'...
[   972.627] ..plot trial 'plot/sync_debug/39/227'...
[   977.104] ..plot trial 'plot/sync_debug/39/692'...
[   979.035] ..plot trial 'plot/sync_debug/39/437'...
[   981.159] ..plot trial 'plot/sync_debug/39/469'...
[   983.111] ..plot trial 'plot/sync_debug/39/332'...
[   985.101] ..plot trial 'plot/sync_debug/39/479'...
[   987.117] ..plot trial 'plot/sync_debug/39/455'...
[   989.261] ..plot trial 'plot/sync_debug/39/354'...
[   991.222] ..plot trial 'plot/sync_debug/39/849'...
[   993.222] subject: 40
[   993.224] ..read cdf 'cdf/sync/40.mat'...
[   993.312] ..read audio 'raw/participant_40_1.wav'...
[  1001.105] ....rate: 44100Hz
[  1001.106] ....length: 2024.6s
[  1001.111] ..plot trial 'plot/sync_debug/40/786'...
[  1002.843] ..plot trial 'plot/sync_debug/40/966'...
[  1004.621] ..plot trial 'plot/sync_debug/40/200'...
[  1006.463] ..plot trial 'plot/sync_debug/40/517'...
[  1008.307] ..plot trial 'plot/sync_debug/40/588'...
[  1010.193] ..plot trial 'plot/sync_debug/40/511'...
[  1012.203] ..plot trial 'plot/sync_debug/40/621'...
[  1014.040] ..plot trial 'plot/sync_debug/40/70'...
[  1015.958] ..plot trial 'plot/sync_debug/40/531'...
[  1017.972] ..plot trial 'plot/sync_debug/40/864'...
[  1019.917] subject: 41
[  1019.920] ..read cdf 'cdf/sync/41.mat'...
[  1020.006] ..read audio 'raw/participant_41_1.wav'...
[  1029.058] ....rate: 44100Hz
[  1029.058] ....length: 2338.0s
[  1029.063] ..plot trial 'plot/sync_debug/41/882'...
[  1031.150] ..plot trial 'plot/sync_debug/41/822'...
[  1033.671] ..plot trial 'plot/sync_debug/41/451'...
[  1035.813] ..plot trial 'plot/sync_debug/41/262'...
[  1037.743] ..plot trial 'plot/sync_debug/41/843'...
[  1039.811] ..plot trial 'plot/sync_debug/41/490'...
[  1041.845] ..plot trial 'plot/sync_debug/41/330'...
[  1043.858] ..plot trial 'plot/sync_debug/41/138'...
[  1045.988] ..plot trial 'plot/sync_debug/41/10'...
[  1048.091] ..plot trial 'plot/sync_debug/41/969'...
[  1050.835] subject: 42
[  1050.838] ..read cdf 'cdf/sync/42.mat'...
[  1050.918] ..read audio 'raw/participant_42_1.wav'...
[  1059.189] ....rate: 44100Hz
[  1059.190] ....length: 2118.4s
[  1059.194] ..plot trial 'plot/sync_debug/42/579'...
[  1061.169] ..plot trial 'plot/sync_debug/42/302'...
[  1063.185] ..plot trial 'plot/sync_debug/42/734'...
[  1065.107] ..plot trial 'plot/sync_debug/42/520'...
[  1067.085] ..plot trial 'plot/sync_debug/42/106'...
[  1069.393] ..plot trial 'plot/sync_debug/42/811'...
[  1071.288] ..plot trial 'plot/sync_debug/42/713'...
[  1073.252] ..plot trial 'plot/sync_debug/42/148'...
[  1075.280] ..plot trial 'plot/sync_debug/42/15'...
[  1077.182] ..plot trial 'plot/sync_debug/42/814'...
[  1079.138] subject: 43
[  1079.141] ..read cdf 'cdf/sync/43.mat'...
[  1079.227] ..read audio 'raw/participant_43_1.wav'...
[  1088.222] ....rate: 44100Hz
[  1088.223] ....length: 2285.5s
[  1088.227] ..plot trial 'plot/sync_debug/43/1007'...
[  1090.519] ..plot trial 'plot/sync_debug/43/367'...
[  1092.787] ..plot trial 'plot/sync_debug/43/444'...
[  1095.045] ..plot trial 'plot/sync_debug/43/259'...
[  1097.294] ..plot trial 'plot/sync_debug/43/652'...
[  1099.459] ..plot trial 'plot/sync_debug/43/635'...
[  1101.707] ..plot trial 'plot/sync_debug/43/329'...
[  1103.946] ..plot trial 'plot/sync_debug/43/385'...
[  1106.085] ..plot trial 'plot/sync_debug/43/812'...
[  1108.182] ..plot trial 'plot/sync_debug/43/879'...
[  1110.421] subject: 44
[  1110.422] ..read cdf 'cdf/sync/44.mat'...
[  1110.504] ..read audio 'raw/participant_44_1.wav'...
[  1119.807] ....rate: 44100Hz
[  1119.807] ....length: 2359.2s
[  1119.813] ..plot trial 'plot/sync_debug/44/600'...
[  1121.983] ..plot trial 'plot/sync_debug/44/427'...
[  1124.216] ..plot trial 'plot/sync_debug/44/944'...
[  1126.297] ..plot trial 'plot/sync_debug/44/457'...
[  1128.428] ..plot trial 'plot/sync_debug/44/234'...
[  1130.671] ..plot trial 'plot/sync_debug/44/920'...
[  1133.000] ..plot trial 'plot/sync_debug/44/699'...
[  1135.221] ..plot trial 'plot/sync_debug/44/624'...
[  1137.621] ..plot trial 'plot/sync_debug/44/286'...
[  1139.857] ..plot trial 'plot/sync_debug/44/15'...
[  1142.020] subject: 45
[  1142.023] ..read cdf 'cdf/sync/45.mat'...
[  1142.109] ..read audio 'raw/participant_45_1.wav'...
[  1149.951] ....rate: 44100Hz
[  1149.951] ....length: 2040.6s
[  1149.956] ..plot trial 'plot/sync_debug/45/233'...
[  1151.848] ..plot trial 'plot/sync_debug/45/709'...
[  1153.797] ..plot trial 'plot/sync_debug/45/60'...
[  1155.891] ..plot trial 'plot/sync_debug/45/435'...
[  1157.778] ..plot trial 'plot/sync_debug/45/725'...
[  1159.632] ..plot trial 'plot/sync_debug/45/647'...
[  1161.656] ..plot trial 'plot/sync_debug/45/629'...
[  1163.495] ..plot trial 'plot/sync_debug/45/664'...
[  1165.485] ..plot trial 'plot/sync_debug/45/364'...
[  1167.446] ..plot trial 'plot/sync_debug/45/381'...
[  1169.357] subject: 46
[  1169.360] ..read cdf 'cdf/sync/46.mat'...
[  1169.446] ..read audio 'raw/participant_46_1.wav'...
[  1178.064] ....rate: 44100Hz
[  1178.064] ....length: 2184.7s
[  1178.069] ..plot trial 'plot/sync_debug/46/269'...
[  1180.025] ..plot trial 'plot/sync_debug/46/688'...
[  1182.052] ..plot trial 'plot/sync_debug/46/881'...
[  1184.083] ..plot trial 'plot/sync_debug/46/305'...
[  1186.051] ..plot trial 'plot/sync_debug/46/865'...
[  1188.103] ..plot trial 'plot/sync_debug/46/149'...
[  1190.292] ..plot trial 'plot/sync_debug/46/820'...
[  1192.384] ..plot trial 'plot/sync_debug/46/622'...
[  1194.309] ..plot trial 'plot/sync_debug/46/522'...
[  1196.345] ..plot trial 'plot/sync_debug/46/437'...
[  1198.408] subject: 47
[  1198.411] ..read cdf 'cdf/sync/47.mat'...
[  1198.503] ..read audio 'raw/participant_47_1.wav'...
[  1206.353] ....rate: 44100Hz
[  1206.353] ....length: 2036.0s
[  1206.358] ..plot trial 'plot/sync_debug/47/439'...
[  1208.284] ..plot trial 'plot/sync_debug/47/614'...
[  1210.130] ..plot trial 'plot/sync_debug/47/67'...
[  1212.120] ..plot trial 'plot/sync_debug/47/1016'...
[  1214.112] ..plot trial 'plot/sync_debug/47/594'...
[  1215.903] ..plot trial 'plot/sync_debug/47/947'...
[  1217.684] ..plot trial 'plot/sync_debug/47/55'...
[  1219.617] ..plot trial 'plot/sync_debug/47/205'...
[  1221.503] ..plot trial 'plot/sync_debug/47/871'...
[  1223.468] ..plot trial 'plot/sync_debug/47/770'...
[  1225.293] done.
