[     0.007] subject: 1
[     0.025] ..skipping
[     0.027] subject: 2
[     0.031] ..skipping
[     0.031] subject: 3
[     0.032] ..read cdf 'cdf/convert/3.mat'...
[     0.121] ..read audio 'raw/participant_3_1.wav'...
[     7.924] ....rate: 44100Hz
[     7.926] ....length: 2055.4s
[     7.940] ..sync timing...
[     9.123] ....start: 7.7ms
[    19.870] ....syncs: 1024/1024
[    19.872] ....(11.931)
[    19.877] ..plot sync 'plot/sync/3'...
[    20.267] ..write cdf 'cdf/sync/3.mat'...
[    20.408] ..(20.377)
[    20.411] subject: 4
[    20.412] ..read cdf 'cdf/convert/4.mat'...
[    20.663] ..read audio 'raw/participant_4_1.wav'...
[    29.310] ....rate: 44100Hz
[    29.311] ....length: 2023.5s
[    29.312] ..sync timing...
[    30.739] ....start: 809.2ms
[    41.273] ....syncs: 1024/1024
[    41.273] ....(11.962)
[    41.274] ..plot sync 'plot/sync/4'...
[    41.427] ..write cdf 'cdf/sync/4.mat'...
[    41.568] ..(21.157)
[    41.570] subject: 5
[    41.571] ..read cdf 'cdf/convert/5.mat'...
[    41.864] ..read audio 'raw/participant_5_1.wav'...
[    49.561] ....rate: 44100Hz
[    49.561] ....length: 2040.5s
[    49.562] ..sync timing...
[    50.801] ....start: 194.8ms
[    60.225] ....syncs: 1024/1024
[    60.225] ....(10.663)
[    60.226] ..plot sync 'plot/sync/5'...
[    60.378] ..write cdf 'cdf/sync/5.mat'...
[    60.521] ..(18.951)
[    60.524] subject: 6
[    60.525] ..read cdf 'cdf/convert/6.mat'...
[    60.606] ..read audio 'raw/participant_6_1.wav'...
[    67.946] ....rate: 44100Hz
[    67.947] ....length: 2008.3s
[    67.948] ..sync timing...
[    69.070] ....start: 6.1ms
[    78.225] ....syncs: 1024/1024
[    78.225] ....(10.277)
[    78.226] ..plot sync 'plot/sync/6'...
[    78.365] ..write cdf 'cdf/sync/6.mat'...
[    78.509] ..(17.985)
[    78.512] subject: 7
[    78.513] ..read cdf 'cdf/convert/7.mat'...
[    78.593] ..read audio 'raw/participant_7_1.wav'...
[    83.499] ....rate: 44100Hz
[    83.500] ....length: 2221.5s
[    83.500] ..sync timing...
[    84.933] ....start: 9.3ms
[    94.096] ....syncs: 1024/1024
[    94.097] ....(10.596)
[    94.097] ..plot sync 'plot/sync/7'...
[    94.240] ..write cdf 'cdf/sync/7.mat'...
[    94.400] ..(15.888)
[    94.403] subject: 8
[    94.403] ..read cdf 'cdf/convert/8.mat'...
[    94.484] ..read audio 'raw/participant_8_1.wav'...
[   102.495] ....rate: 44100Hz
[   102.496] ....length: 2081.8s
[   102.496] ..sync timing...
[   103.678] ....start: 7.8ms
[   112.904] ....syncs: 1024/1024
[   112.905] ....(10.408)
[   112.905] ..plot sync 'plot/sync/8'...
[   113.044] ..write cdf 'cdf/sync/8.mat'...
[   113.188] ..(18.785)
[   113.191] subject: 9
[   113.192] ..read cdf 'cdf/convert/9.mat'...
[   113.293] ..read audio 'raw/participant_9_1.wav'...
[   121.099] ....rate: 44100Hz
[   121.099] ....length: 2034.5s
[   121.100] ..sync timing...
[   122.255] ....start: 8.5ms
[   131.473] ....syncs: 1023/1024
[   131.473] ....(10.373)
[   131.474] ..plot sync 'plot/sync/9'...
[   131.612] ..write cdf 'cdf/sync/9.mat'...
[   131.753] ..(18.562)
[   131.755] subject: 10
[   131.756] ..read cdf 'cdf/convert/10.mat'...
[   131.834] ..read audio 'raw/participant_10_1.wav'...
[   140.152] ....rate: 44100Hz
[   140.153] ....length: 2136.2s
[   140.154] ..sync timing...
[   141.406] ....start: 7.4ms
[   150.554] ....syncs: 1024/1024
[   150.554] ....(10.400)
[   150.555] ..plot sync 'plot/sync/10'...
[   150.693] ..write cdf 'cdf/sync/10.mat'...
[   150.833] ..(19.077)
[   150.836] subject: 11
[   150.836] ..read cdf 'cdf/convert/11.mat'...
[   151.092] ..read audio 'raw/participant_11_1.wav'...
[   159.579] ....rate: 44100Hz
[   159.580] ....length: 2208.1s
[   159.580] ..sync timing...
[   160.881] ....start: 7.6ms
[   170.023] ....syncs: 1024/1024
[   170.024] ....(10.443)
[   170.024] ..plot sync 'plot/sync/11'...
[   170.161] ..write cdf 'cdf/sync/11.mat'...
[   170.307] ..(19.471)
[   170.309] subject: 12
[   170.310] ..read cdf 'cdf/convert/12.mat'...
[   170.414] ..read audio 'raw/participant_12_1.wav'...
[   178.758] ....rate: 44100Hz
[   178.758] ....length: 2148.3s
[   178.759] ..sync timing...
[   180.011] ....start: 7.5ms
[   189.209] ....syncs: 1024/1024
[   189.209] ....(10.449)
[   189.210] ..plot sync 'plot/sync/12'...
[   189.353] ..write cdf 'cdf/sync/12.mat'...
[   189.538] ..(19.228)
[   189.541] subject: 13
[   189.542] ..read cdf 'cdf/convert/13.mat'...
[   189.642] ..read audio 'raw/participant_13_1.wav'...
[   197.449] ....rate: 44100Hz
[   197.450] ....length: 2033.9s
[   197.451] ..sync timing...
[   198.569] ....start: 8.0ms
[   207.776] ....syncs: 1024/1024
[   207.776] ....(10.325)
[   207.777] ..plot sync 'plot/sync/13'...
[   207.924] ..write cdf 'cdf/sync/13.mat'...
[   208.068] ..(18.527)
[   208.071] subject: 14
[   208.071] ..read cdf 'cdf/convert/14.mat'...
[   208.166] ..read audio 'raw/participant_14_1.wav'...
[   217.617] ....rate: 44100Hz
[   217.617] ....length: 2454.1s
[   217.618] ..sync timing...
[   219.132] ....start: 7.3ms
[   228.309] ....syncs: 1024/1024
[   228.310] ....(10.691)
[   228.310] ..plot sync 'plot/sync/14'...
[   228.457] ..write cdf 'cdf/sync/14.mat'...
[   228.602] ..(20.531)
[   228.605] subject: 15
[   228.605] ..read cdf 'cdf/convert/15.mat'...
[   228.899] ..read audio 'raw/participant_15_1.wav'...
[   237.770] ....rate: 44100Hz
[   237.770] ....length: 2326.4s
[   237.771] ..sync timing...
[   239.177] ....start: 7.0ms
[   248.288] ....syncs: 1024/1024
[   248.289] ....(10.518)
[   248.289] ..plot sync 'plot/sync/15'...
[   248.429] ..write cdf 'cdf/sync/15.mat'...
[   248.574] ..(19.970)
[   248.577] subject: 16
[   248.578] ..read cdf 'cdf/convert/16.mat'...
[   248.673] ..read audio 'raw/participant_16_1.wav'...
[   256.714] ....rate: 44100Hz
[   256.714] ....length: 2117.6s
[   256.715] ..sync timing...
[   257.930] ....start: 7.6ms
[   267.149] ....syncs: 1024/1024
[   267.149] ....(10.434)
[   267.150] ..plot sync 'plot/sync/16'...
[   267.294] ..write cdf 'cdf/sync/16.mat'...
[   267.440] ..(18.862)
[   267.442] subject: 17
[   267.443] ..read cdf 'cdf/convert/17.mat'...
[   267.704] ..read audio 'raw/participant_17_1.wav'...
[   275.399] ....rate: 44100Hz
[   275.399] ....length: 2052.6s
[   275.400] ..sync timing...
[   276.524] ....start: 7.8ms
[   285.699] ....syncs: 1024/1024
[   285.699] ....(10.299)
[   285.700] ..plot sync 'plot/sync/17'...
[   285.842] ..write cdf 'cdf/sync/17.mat'...
[   285.984] ..(18.541)
[   285.987] subject: 18
[   285.987] ..read cdf 'cdf/convert/18.mat'...
[   286.274] ..read audio 'raw/participant_18_1.wav'...
[   294.061] ....rate: 44100Hz
[   294.061] ....length: 2067.9s
[   294.061] ..sync timing...
[   295.198] ....start: 7.9ms
[   304.378] ....syncs: 1024/1024
[   304.378] ....(10.317)
[   304.379] ..plot sync 'plot/sync/18'...
[   304.515] ..write cdf 'cdf/sync/18.mat'...
[   304.655] ..(18.668)
[   304.658] subject: 19
[   304.659] ..read cdf 'cdf/convert/19.mat'...
[   304.757] ..read audio 'raw/participant_19_1.wav'...
[   312.661] ....rate: 44100Hz
[   312.662] ....length: 2099.0s
[   312.662] ..sync timing...
[   313.832] ....start: 7.7ms
[   323.006] ....syncs: 1024/1024
[   323.007] ....(10.344)
[   323.007] ..plot sync 'plot/sync/19'...
[   323.148] ..write cdf 'cdf/sync/19.mat'...
[   323.294] ..(18.636)
[   323.297] subject: 20
[   323.297] ..read cdf 'cdf/convert/20.mat'...
[   323.560] ..read audio 'raw/participant_20_1.wav'...
[   332.182] ....rate: 44100Hz
[   332.183] ....length: 2201.0s
[   332.184] ..sync timing...
[   333.489] ....start: 7.7ms
[   342.656] ....syncs: 1024/1024
[   342.657] ....(10.473)
[   342.657] ..plot sync 'plot/sync/20'...
[   342.794] ..write cdf 'cdf/sync/20.mat'...
[   342.940] ..(19.643)
[   342.943] subject: 21
[   342.944] ..read cdf 'cdf/convert/21.mat'...
[   343.038] ..read audio 'raw/participant_21_1.wav'...
[   350.945] ....rate: 44100Hz
[   350.946] ....length: 2060.2s
[   350.946] ..sync timing...
[   352.130] ....start: 7.8ms
[   361.321] ....syncs: 1024/1024
[   361.322] ....(10.375)
[   361.322] ..plot sync 'plot/sync/21'...
[   361.463] ..write cdf 'cdf/sync/21.mat'...
[   361.609] ..(18.665)
[   361.611] subject: 22
[   361.612] ..read cdf 'cdf/convert/22.mat'...
[   361.735] ..read audio 'raw/participant_22_1.wav'...
[   369.256] ....rate: 44100Hz
[   369.256] ....length: 1952.6s
[   369.257] ..sync timing...
[   370.278] ....start: 9.4ms
[   379.473] ....syncs: 1024/1024
[   379.474] ....(10.216)
[   379.475] ..plot sync 'plot/sync/22'...
[   379.619] ..write cdf 'cdf/sync/22.mat'...
[   379.760] ..(18.148)
[   379.762] subject: 23
[   379.763] ..read cdf 'cdf/convert/23.mat'...
[   380.016] ..read audio 'raw/participant_23_1.wav'...
[   388.769] ....rate: 44100Hz
[   388.769] ....length: 2294.2s
[   388.770] ..sync timing...
[   390.169] ....start: 8.0ms
[   399.319] ....syncs: 1024/1024
[   399.319] ....(10.549)
[   399.320] ..plot sync 'plot/sync/23'...
[   399.465] ..write cdf 'cdf/sync/23.mat'...
[   399.611] ..(19.849)
[   399.614] subject: 24
[   399.615] ..read cdf 'cdf/convert/24.mat'...
[   399.717] ..read audio 'raw/participant_24_1.wav'...
[   407.948] ....rate: 44100Hz
[   407.948] ....length: 2162.4s
[   407.949] ..sync timing...
[   409.225] ....start: 7.7ms
[   418.463] ....syncs: 1024/1024
[   418.463] ....(10.515)
[   418.464] ..plot sync 'plot/sync/24'...
[   418.648] ..write cdf 'cdf/sync/24.mat'...
[   418.795] ..(19.180)
[   418.797] subject: 25
[   418.798] ..read cdf 'cdf/convert/25.mat'...
[   418.904] ..read audio 'raw/participant_25_1.wav'...
[   426.881] ....rate: 44100Hz
[   426.881] ....length: 2096.4s
[   426.882] ..sync timing...
[   428.088] ....start: 8.0ms
[   437.257] ....syncs: 1023/1024
[   437.257] ....(10.375)
[   437.258] ..plot sync 'plot/sync/25'...
[   437.398] ..write cdf 'cdf/sync/25.mat'...
[   437.544] ..(18.747)
[   437.547] subject: 26
[   437.548] ..read cdf 'cdf/convert/26.mat'...
[   437.646] ..read audio 'raw/participant_26_1.wav'...
[   446.432] ....rate: 44100Hz
[   446.432] ....length: 2282.1s
[   446.433] ..sync timing...
[   447.822] ....start: 7.6ms
[   457.018] ....syncs: 1024/1024
[   457.019] ....(10.585)
[   457.019] ..plot sync 'plot/sync/26'...
[   457.175] ..write cdf 'cdf/sync/26.mat'...
[   457.321] ..(19.773)
[   457.323] subject: 27
[   457.324] ..read cdf 'cdf/convert/27.mat'...
[   457.422] ..read audio 'raw/participant_27_1.wav'...
[   465.315] ....rate: 44100Hz
[   465.315] ....length: 2071.6s
[   465.316] ..sync timing...
[   466.484] ....start: 7.8ms
[   475.664] ....syncs: 1024/1024
[   475.665] ....(10.348)
[   475.665] ..plot sync 'plot/sync/27'...
[   475.805] ..write cdf 'cdf/sync/27.mat'...
[   475.950] ..(18.626)
[   475.953] subject: 28
[   475.954] ..skipping
[   475.954] subject: 29
[   475.955] ..read cdf 'cdf/convert/29.mat'...
[   476.049] ..read audio 'raw/participant_29_1.wav'...
[   484.241] ....rate: 44100Hz
[   484.241] ....length: 2167.6s
[   484.242] ..sync timing...
[   485.547] ....start: 8.0ms
[   494.751] ....syncs: 1024/1024
[   494.751] ....(10.509)
[   494.752] ..plot sync 'plot/sync/29'...
[   494.894] ..write cdf 'cdf/sync/29.mat'...
[   495.040] ..(19.086)
[   495.043] subject: 30
[   495.044] ..skipping
[   495.044] subject: 31
[   495.044] ..read cdf 'cdf/convert/31.mat'...
[   495.317] ..read audio 'raw/participant_31_1.wav'...
[   506.163] ....rate: 44100Hz
[   506.163] ....length: 2731.1s
[   506.164] ....(10.847)
[   506.164] ..sync timing...
[   507.818] ....start: 7.8ms
[   517.041] ....syncs: 1024/1024
[   517.041] ....(10.877)
[   517.042] ..plot sync 'plot/sync/31'...
[   517.195] ..write cdf 'cdf/sync/31.mat'...
[   517.400] ..(22.356)
[   517.403] subject: 32
[   517.403] ..read cdf 'cdf/convert/32.mat'...
[   517.490] ..read audio 'raw/participant_32_1.wav'...
[   525.315] ....rate: 44100Hz
[   525.316] ....length: 2009.8s
[   525.316] ..sync timing...
[   526.166] ....start: 7.7ms
[   535.401] ....syncs: 1024/1024
[   535.402] ....(10.086)
[   535.402] ..plot sync 'plot/sync/32'...
[   535.548] ..write cdf 'cdf/sync/32.mat'...
[   535.694] ..(18.291)
[   535.697] subject: 33
[   535.698] ..read cdf 'cdf/convert/33.mat'...
[   535.887] ..read audio 'raw/participant_33_1.wav'...
[   545.470] ....rate: 44100Hz
[   545.471] ....length: 2042.6s
[   545.472] ..sync timing...
[   546.344] ....start: 7.0ms
[   555.551] ....syncs: 1024/1024
[   555.551] ....(10.080)
[   555.552] ..plot sync 'plot/sync/33'...
[   555.693] ..write cdf 'cdf/sync/33.mat'...
[   555.862] ..(20.164)
[   555.864] subject: 34
[   555.865] ..read cdf 'cdf/convert/34.mat'...
[   556.007] ..read audio 'raw/participant_34_1.wav'...
[   564.625] ....rate: 44100Hz
[   564.625] ....length: 2195.9s
[   564.626] ..sync timing...
[   565.687] ....start: 7.8ms
[   574.820] ....syncs: 1024/1024
[   574.821] ....(10.195)
[   574.821] ..plot sync 'plot/sync/34'...
[   574.962] ..write cdf 'cdf/sync/34.mat'...
[   575.107] ..(19.242)
[   575.109] subject: 35
[   575.110] ..read cdf 'cdf/convert/35.mat'...
[   575.215] ..read audio 'raw/participant_35_1.wav'...
[   583.405] ....rate: 44100Hz
[   583.405] ....length: 2093.8s
[   583.406] ..sync timing...
[   584.371] ....start: 7.8ms
[   593.608] ....syncs: 1024/1024
[   593.609] ....(10.203)
[   593.609] ..plot sync 'plot/sync/35'...
[   593.750] ..write cdf 'cdf/sync/35.mat'...
[   593.897] ..(18.787)
[   593.899] subject: 36
[   593.900] ..read cdf 'cdf/convert/36.mat'...
[   594.028] ..read audio 'raw/participant_36_1.wav'...
[   602.483] ....rate: 44100Hz
[   602.483] ....length: 2136.2s
[   602.484] ..sync timing...
[   603.453] ....start: 7.1ms
[   612.691] ....syncs: 1024/1024
[   612.695] ....(10.211)
[   612.696] ..plot sync 'plot/sync/36'...
[   612.906] ..write cdf 'cdf/sync/36.mat'...
[   613.057] ..(19.158)
[   613.060] subject: 37
[   613.061] ..read cdf 'cdf/convert/37.mat'...
[   613.167] ..read audio 'raw/participant_37_1.wav'...
[   621.129] ....rate: 44100Hz
[   621.130] ....length: 1895.4s
[   621.130] ..sync timing...
[   621.866] ....start: 7.8ms
[   631.099] ....syncs: 1024/1024
[   631.099] ..plot sync 'plot/sync/37'...
[   631.235] ..write cdf 'cdf/sync/37.mat'...
[   631.381] ..(18.321)
[   631.384] subject: 38
[   631.385] ..read cdf 'cdf/convert/38.mat'...
[   631.490] ..read audio 'raw/participant_38_1.wav'...
[   640.368] ....rate: 44100Hz
[   640.368] ....length: 2198.2s
[   640.369] ..sync timing...
[   641.425] ....start: 7.8ms
[   650.658] ....syncs: 1024/1024
[   650.659] ....(10.290)
[   650.660] ..plot sync 'plot/sync/38'...
[   650.807] ..write cdf 'cdf/sync/38.mat'...
[   650.955] ..(19.571)
[   650.958] subject: 39
[   650.958] ..read cdf 'cdf/convert/39.mat'...
[   651.064] ..read audio 'raw/participant_39_1.wav'...
[   659.856] ....rate: 44100Hz
[   659.856] ....length: 2195.9s
[   659.856] ..sync timing...
[   661.057] ....start: 8.0ms
[   670.232] ....syncs: 1024/1024
[   670.233] ....(10.376)
[   670.233] ..plot sync 'plot/sync/39'...
[   670.373] ..write cdf 'cdf/sync/39.mat'...
[   670.520] ..(19.562)
[   670.523] subject: 40
[   670.523] ..read cdf 'cdf/convert/40.mat'...
[   670.626] ..read audio 'raw/participant_40_1.wav'...
[   678.587] ....rate: 44100Hz
[   678.587] ....length: 2024.6s
[   678.588] ..sync timing...
[   679.450] ....start: 7.8ms
[   688.582] ....syncs: 1024/1024
[   688.583] ..plot sync 'plot/sync/40'...
[   688.716] ..write cdf 'cdf/sync/40.mat'...
[   688.864] ..(18.341)
[   688.866] subject: 41
[   688.867] ..read cdf 'cdf/convert/41.mat'...
[   689.134] ..read audio 'raw/participant_41_1.wav'...
[   698.270] ....rate: 44100Hz
[   698.271] ....length: 2338.0s
[   698.271] ..sync timing...
[   699.477] ....start: 7.8ms
[   708.796] ....syncs: 1024/1024
[   708.796] ....(10.525)
[   708.797] ..plot sync 'plot/sync/41'...
[   708.935] ..write cdf 'cdf/sync/41.mat'...
[   709.084] ..(20.217)
[   709.087] subject: 42
[   709.087] ..read cdf 'cdf/convert/42.mat'...
[   709.179] ..read audio 'raw/participant_42_1.wav'...
[   717.426] ....rate: 44100Hz
[   717.426] ....length: 2118.4s
[   717.427] ..sync timing...
[   718.403] ....start: 7.9ms
[   727.683] ....syncs: 1024/1024
[   727.684] ....(10.256)
[   727.684] ..plot sync 'plot/sync/42'...
[   727.822] ..write cdf 'cdf/sync/42.mat'...
[   727.971] ..(18.884)
[   727.974] subject: 43
[   727.975] ..read cdf 'cdf/convert/43.mat'...
[   728.074] ..read audio 'raw/participant_43_1.wav'...
[   737.267] ....rate: 44100Hz
[   737.267] ....length: 2285.5s
[   737.268] ..sync timing...
[   738.419] ....start: 7.6ms
[   747.603] ....syncs: 1024/1024
[   747.603] ....(10.335)
[   747.604] ..plot sync 'plot/sync/43'...
[   747.745] ..write cdf 'cdf/sync/43.mat'...
[   747.893] ..(19.918)
[   747.895] subject: 44
[   747.896] ..read cdf 'cdf/convert/44.mat'...
[   748.004] ..read audio 'raw/participant_44_1.wav'...
[   757.277] ....rate: 44100Hz
[   757.277] ....length: 2359.2s
[   757.278] ..sync timing...
[   758.512] ....start: 7.8ms
[   767.741] ....syncs: 1024/1024
[   767.742] ....(10.464)
[   767.742] ..plot sync 'plot/sync/44'...
[   767.889] ..write cdf 'cdf/sync/44.mat'...
[   768.035] ..(20.140)
[   768.038] subject: 45
[   768.039] ..read cdf 'cdf/convert/45.mat'...
[   768.138] ..read audio 'raw/participant_45_1.wav'...
[   776.245] ....rate: 44100Hz
[   776.245] ....length: 2040.6s
[   776.246] ..sync timing...
[   777.152] ....start: 7.8ms
[   786.294] ....syncs: 1024/1024
[   786.294] ....(10.048)
[   786.295] ..plot sync 'plot/sync/45'...
[   786.432] ..write cdf 'cdf/sync/45.mat'...
[   786.579] ..(18.541)
[   786.582] subject: 46
[   786.583] ..read cdf 'cdf/convert/46.mat'...
[   786.970] ..read audio 'raw/participant_46_1.wav'...
[   795.777] ....rate: 44100Hz
[   795.778] ....length: 2184.7s
[   795.779] ..sync timing...
[   796.834] ....start: 7.8ms
[   806.047] ....syncs: 1024/1024
[   806.047] ....(10.268)
[   806.048] ..plot sync 'plot/sync/46'...
[   806.192] ..write cdf 'cdf/sync/46.mat'...
[   806.338] ..(19.755)
[   806.340] subject: 47
[   806.341] ..read cdf 'cdf/convert/47.mat'...
[   806.617] ..read audio 'raw/participant_47_1.wav'...
[   814.392] ....rate: 44100Hz
[   814.392] ....length: 2036.0s
[   814.393] ..sync timing...
[   815.263] ....start: 7.9ms
[   824.434] ....syncs: 1024/1024
[   824.434] ....(10.041)
[   824.435] ..plot sync 'plot/sync/47'...
[   824.573] ..write cdf 'cdf/sync/47.mat'...
[   824.721] ..(18.380)
[   824.759] done.
